<testsuites name="results">
  <testsuite name="all" package="all" tests="0">
    <property name="random_seed" value="1583588457" />
    <testcase classname="trivium_test" name="run_test_001" ratio_time="61372327730458.35" sim_time_ns="25791000000000" time="0.4202382564544678" />
    <testcase classname="trivium_test" name="run_test_002" ratio_time="62092165625342.6" sim_time_ns="25791000000000" time="0.41536641120910645" />
    <testcase classname="trivium_test" name="run_test_003" ratio_time="61222034588728.27" sim_time_ns="25791000000000" time="0.42126989364624023" />
    <testcase classname="trivium_test" name="run_test_004" ratio_time="61227405614397.73" sim_time_ns="25791000000000" time="0.4212329387664795" />
    <testcase classname="trivium_test" name="run_test_005" ratio_time="62746362962142.31" sim_time_ns="25791000000000" time="0.41103577613830566" />
    <testcase classname="trivium_test" name="run_test_006" ratio_time="62413156642605.38" sim_time_ns="25791000000000" time="0.41323018074035645" />
    <testcase classname="trivium_test" name="run_test_007" ratio_time="63550247276320.484" sim_time_ns="25791000000000" time="0.4058363437652588" />
    <testcase classname="trivium_test" name="run_test_008" ratio_time="62006852384255.15" sim_time_ns="25791000000000" time="0.4159379005432129" />
    <testcase classname="trivium_test" name="run_test_009" ratio_time="62967881644570.484" sim_time_ns="25791000000000" time="0.4095897674560547" />
    <testcase classname="trivium_test" name="run_test_010" ratio_time="63586668945807.32" sim_time_ns="25791000000000" time="0.40560388565063477" />
    <testcase classname="trivium_test" name="run_test_011" ratio_time="63391972265245.234" sim_time_ns="25791000000000" time="0.40684962272644043" />
    <testcase classname="trivium_test" name="run_test_012" ratio_time="63398696843993.04" sim_time_ns="25791000000000" time="0.40680646896362305" />
    <testcase classname="trivium_test" name="run_test_013" ratio_time="63212239132403.79" sim_time_ns="25791000000000" time="0.4080064296722412" />
    <testcase classname="trivium_test" name="run_test_014" ratio_time="62918402289310.445" sim_time_ns="25791000000000" time="0.4099118709564209" />
    <testcase classname="trivium_test" name="run_test_015" ratio_time="64091534646068.164" sim_time_ns="25791000000000" time="0.4024088382720947" />
    <testcase classname="trivium_test" name="run_test_016" ratio_time="63759294635215.9" sim_time_ns="25791000000000" time="0.40450572967529297" />
    <testcase classname="trivium_test" name="run_test_017" ratio_time="63769555676992.98" sim_time_ns="25791000000000" time="0.40444064140319824" />
    <testcase classname="trivium_test" name="run_test_018" ratio_time="62849531898774.04" sim_time_ns="25791000000000" time="0.41036105155944824" />
    <testcase classname="trivium_test" name="run_test_019" ratio_time="63457718804023.98" sim_time_ns="25791000000000" time="0.40642809867858887" />
    <testcase classname="trivium_test" name="run_test_020" ratio_time="62964583043176.09" sim_time_ns="25791000000000" time="0.40961122512817383" />
    <testcase classname="trivium_test" name="run_test_021" ratio_time="63418172731461.77" sim_time_ns="25791000000000" time="0.40668153762817383" />
    <testcase classname="trivium_test" name="run_test_022" ratio_time="62780557066166.78" sim_time_ns="25791000000000" time="0.4108119010925293" />
    <testcase classname="trivium_test" name="run_test_023" ratio_time="63414975486448.84" sim_time_ns="25791000000000" time="0.40670204162597656" />
    <testcase classname="trivium_test" name="run_test_024" ratio_time="61986990339396.12" sim_time_ns="25791000000000" time="0.41607117652893066" />
    <testcase classname="trivium_test" name="run_test_025" ratio_time="62398288018292.3" sim_time_ns="25791000000000" time="0.4133286476135254" />
    <testcase classname="trivium_test" name="run_test_026" ratio_time="63118260842978.766" sim_time_ns="25791000000000" time="0.408613920211792" />
    <testcase classname="trivium_test" name="run_test_027" ratio_time="62840878941522.56" sim_time_ns="25791000000000" time="0.4104175567626953" />
    <testcase classname="trivium_test" name="run_test_028" ratio_time="63039730198265.02" sim_time_ns="25791000000000" time="0.40912294387817383" />
    <testcase classname="trivium_test" name="run_test_029" ratio_time="62649736060435.48" sim_time_ns="25791000000000" time="0.4116697311401367" />
    <testcase classname="trivium_test" name="run_test_030" ratio_time="62935460400074.7" sim_time_ns="25791000000000" time="0.40980076789855957" />
    <testcase classname="trivium_test" name="run_test_031" ratio_time="62771121744019.86" sim_time_ns="25791000000000" time="0.4108736515045166" />
    <testcase classname="trivium_test" name="run_test_032" ratio_time="62047041747350.07" sim_time_ns="25791000000000" time="0.4156684875488281" />
    <testcase classname="trivium_test" name="run_test_033" ratio_time="62135427846705.266" sim_time_ns="25791000000000" time="0.41507720947265625" />
    <testcase classname="trivium_test" name="run_test_034" ratio_time="61536274853505.1" sim_time_ns="25791000000000" time="0.41911864280700684" />
    <testcase classname="trivium_test" name="run_test_035" ratio_time="62535180872582.35" sim_time_ns="25791000000000" time="0.41242384910583496" />
    <testcase classname="trivium_test" name="run_test_036" ratio_time="62546968331401.18" sim_time_ns="25791000000000" time="0.41234612464904785" />
    <testcase classname="trivium_test" name="run_test_037" ratio_time="62858954283200.68" sim_time_ns="25791000000000" time="0.41029953956604004" />
    <testcase classname="trivium_test" name="run_test_038" ratio_time="61768357136902.41" sim_time_ns="25791000000000" time="0.417543888092041" />
    <testcase classname="trivium_test" name="run_test_039" ratio_time="61061375314619.75" sim_time_ns="25791000000000" time="0.4223783016204834" />
    <testcase classname="trivium_test" name="run_test_040" ratio_time="62905889128926.625" sim_time_ns="25791000000000" time="0.40999341011047363" />
    <testcase classname="trivium_test" name="run_test_041" ratio_time="62285546259595.43" sim_time_ns="25791000000000" time="0.4140768051147461" />
    <testcase classname="trivium_test" name="run_test_042" ratio_time="62626341875502.586" sim_time_ns="25791000000000" time="0.4118235111236572" />
    <testcase classname="trivium_test" name="run_test_043" ratio_time="64269665373256.17" sim_time_ns="25791000000000" time="0.4012935161590576" />
    <testcase classname="trivium_test" name="run_test_044" ratio_time="63371250218364.4" sim_time_ns="25791000000000" time="0.4069826602935791" />
    <testcase classname="trivium_test" name="run_test_045" ratio_time="64098522413238.36" sim_time_ns="25791000000000" time="0.40236496925354004" />
    <testcase classname="trivium_test" name="run_test_046" ratio_time="62589780413603.484" sim_time_ns="25791000000000" time="0.4120640754699707" />
    <testcase classname="trivium_test" name="run_test_047" ratio_time="63024267824589.39" sim_time_ns="25791000000000" time="0.4092233180999756" />
    <testcase classname="trivium_test" name="run_test_048" ratio_time="63306090163310.836" sim_time_ns="25791000000000" time="0.40740156173706055" />
    <testcase classname="trivium_test" name="run_test_049" ratio_time="62780192715370.15" sim_time_ns="25791000000000" time="0.4108142852783203" />
    <testcase classname="trivium_test" name="run_test_050" ratio_time="63909102193433.586" sim_time_ns="25791000000000" time="0.40355753898620605" />
    <testcase classname="trivium_test" name="run_test_051" ratio_time="63447781145488.14" sim_time_ns="25791000000000" time="0.406491756439209" />
    <testcase classname="trivium_test" name="run_test_052" ratio_time="63156069338081.82" sim_time_ns="25791000000000" time="0.4083693027496338" />
    <testcase classname="trivium_test" name="run_test_053" ratio_time="63757265369776.4" sim_time_ns="25791000000000" time="0.40451860427856445" />
    <testcase classname="trivium_test" name="run_test_054" ratio_time="63493736317555.27" sim_time_ns="25791000000000" time="0.40619754791259766" />
    <testcase classname="trivium_test" name="run_test_055" ratio_time="63693297054012.71" sim_time_ns="25791000000000" time="0.4049248695373535" />
    <testcase classname="trivium_test" name="run_test_056" ratio_time="63664208461387.26" sim_time_ns="25791000000000" time="0.40510988235473633" />
    <testcase classname="trivium_test" name="run_test_057" ratio_time="63173441043148.79" sim_time_ns="25791000000000" time="0.40825700759887695" />
    <testcase classname="trivium_test" name="run_test_058" ratio_time="62563825607172.54" sim_time_ns="25791000000000" time="0.4122350215911865" />
    <testcase classname="trivium_test" name="run_test_059" ratio_time="62418450574877.125" sim_time_ns="25791000000000" time="0.4131951332092285" />
    <testcase classname="trivium_test" name="run_test_060" ratio_time="63242099195846.81" sim_time_ns="25791000000000" time="0.40781378746032715" />
    <testcase classname="trivium_test" name="run_test_061" ratio_time="62807713099444.06" sim_time_ns="25791000000000" time="0.41063427925109863" />
    <testcase classname="trivium_test" name="run_test_062" ratio_time="62888554554909.54" sim_time_ns="25791000000000" time="0.4101064205169678" />
    <testcase classname="trivium_test" name="run_test_063" ratio_time="63601548459926.58" sim_time_ns="25791000000000" time="0.40550899505615234" />
    <testcase classname="trivium_test" name="run_test_064" ratio_time="62802170632176.805" sim_time_ns="25791000000000" time="0.41067051887512207" />
    <testcase classname="trivium_test" name="run_test_065" ratio_time="62396488423442.445" sim_time_ns="25791000000000" time="0.41334056854248047" />
    <testcase classname="trivium_test" name="run_test_066" ratio_time="62668754439954.02" sim_time_ns="25791000000000" time="0.4115447998046875" />
    <testcase classname="trivium_test" name="run_test_067" ratio_time="63010134287671.42" sim_time_ns="25791000000000" time="0.4093151092529297" />
    <testcase classname="trivium_test" name="run_test_068" ratio_time="62636640417734.734" sim_time_ns="25791000000000" time="0.4117558002471924" />
    <testcase classname="trivium_test" name="run_test_069" ratio_time="62520037257043.78" sim_time_ns="25791000000000" time="0.4125237464904785" />
    <testcase classname="trivium_test" name="run_test_070" ratio_time="62344776460797.39" sim_time_ns="25791000000000" time="0.4136834144592285" />
    <testcase classname="trivium_test" name="run_test_071" ratio_time="63005583536993.07" sim_time_ns="25791000000000" time="0.4093446731567383" />
    <testcase classname="trivium_test" name="run_test_072" ratio_time="62102289218199.32" sim_time_ns="25791000000000" time="0.4152987003326416" />
    <testcase classname="trivium_test" name="run_test_073" ratio_time="61076406681094.23" sim_time_ns="25791000000000" time="0.4222743511199951" />
    <testcase classname="trivium_test" name="run_test_074" ratio_time="59983716670243.22" sim_time_ns="25791000000000" time="0.42996668815612793" />
    <testcase classname="trivium_test" name="run_test_075" ratio_time="60173873492528.28" sim_time_ns="25791000000000" time="0.4286079406738281" />
    <testcase classname="trivium_test" name="run_test_076" ratio_time="59797071631362.49" sim_time_ns="25791000000000" time="0.4313087463378906" />
    <testcase classname="trivium_test" name="run_test_077" ratio_time="61145487406918.37" sim_time_ns="25791000000000" time="0.4217972755432129" />
    <testcase classname="trivium_test" name="run_test_078" ratio_time="60869070360908.86" sim_time_ns="25791000000000" time="0.42371273040771484" />
    <testcase classname="trivium_test" name="run_test_079" ratio_time="61965614670301.44" sim_time_ns="25791000000000" time="0.4162147045135498" />
    <testcase classname="trivium_test" name="run_test_080" ratio_time="62889029848299.34" sim_time_ns="25791000000000" time="0.41010332107543945" />
    <testcase classname="trivium_test" name="run_test_081" ratio_time="61482448756145.38" sim_time_ns="25791000000000" time="0.41948556900024414" />
    <testcase classname="trivium_test" name="run_test_082" ratio_time="57872942801839.945" sim_time_ns="25791000000000" time="0.4456486701965332" />
    <testcase classname="trivium_test" name="run_test_083" ratio_time="55972927371734.77" sim_time_ns="25791000000000" time="0.46077632904052734" />
    <testcase classname="trivium_test" name="run_test_084" ratio_time="58021131844249.016" sim_time_ns="25791000000000" time="0.44451045989990234" />
    <testcase classname="trivium_test" name="run_test_085" ratio_time="56781056654401.54" sim_time_ns="25791000000000" time="0.45421838760375977" />
    <testcase classname="trivium_test" name="run_test_086" ratio_time="57706047216674.35" sim_time_ns="25791000000000" time="0.44693756103515625" />
    <testcase classname="trivium_test" name="run_test_087" ratio_time="55996599300452.06" sim_time_ns="25791000000000" time="0.46058154106140137" />
    <testcase classname="trivium_test" name="run_test_088" ratio_time="60568304379886.95" sim_time_ns="25791000000000" time="0.42581677436828613" />
    <testcase classname="trivium_test" name="run_test_089" ratio_time="59634884156210.72" sim_time_ns="25791000000000" time="0.4324817657470703" />
    <testcase classname="trivium_test" name="run_test_090" ratio_time="60513280140342.32" sim_time_ns="25791000000000" time="0.42620396614074707" />
    <testcase classname="trivium_test" name="run_test_091" ratio_time="60959728911823.195" sim_time_ns="25791000000000" time="0.4230825901031494" />
    <testcase classname="trivium_test" name="run_test_092" ratio_time="59613982651785.85" sim_time_ns="25791000000000" time="0.4326333999633789" />
    <testcase classname="trivium_test" name="run_test_093" ratio_time="60775061513127.77" sim_time_ns="25791000000000" time="0.42436814308166504" />
    <testcase classname="trivium_test" name="run_test_094" ratio_time="58089958218303.805" sim_time_ns="25791000000000" time="0.443983793258667" />
    <testcase classname="trivium_test" name="run_test_095" ratio_time="59134608678919.766" sim_time_ns="25791000000000" time="0.4361405372619629" />
    <testcase classname="trivium_test" name="run_test_096" ratio_time="57149518404815.6" sim_time_ns="25791000000000" time="0.4512898921966553" />
    <testcase classname="trivium_test" name="run_test_097" ratio_time="60148211051672.0" sim_time_ns="25791000000000" time="0.428790807723999" />
    <testcase classname="trivium_test" name="run_test_098" ratio_time="62472882461785.81" sim_time_ns="25791000000000" time="0.41283512115478516" />
    <testcase classname="trivium_test" name="run_test_099" ratio_time="62404839420252.4" sim_time_ns="25791000000000" time="0.4132852554321289" />
    <testcase classname="trivium_test" name="run_test_100" ratio_time="59926827404005.16" sim_time_ns="25791000000000" time="0.4303748607635498" />
  </testsuite>
</testsuites>
