<testsuites name="results">
  <testsuite name="all" package="all" tests="0">
    <property name="random_seed" value="1583588546" />
    <testcase classname="trivium_wrapper_test" name="run_test_001" ratio_time="62074111828889.305" sim_time_ns="24511000000000" time="0.3948667049407959" />
    <testcase classname="trivium_wrapper_test" name="run_test_002" ratio_time="60469055322112.375" sim_time_ns="24511000000000" time="0.4053478240966797" />
    <testcase classname="trivium_wrapper_test" name="run_test_003" ratio_time="59472456034274.305" sim_time_ns="24511000000000" time="0.4121403694152832" />
    <testcase classname="trivium_wrapper_test" name="run_test_004" ratio_time="60957315621268.234" sim_time_ns="24511000000000" time="0.4021010398864746" />
    <testcase classname="trivium_wrapper_test" name="run_test_005" ratio_time="61903858473240.336" sim_time_ns="24511000000000" time="0.3959527015686035" />
    <testcase classname="trivium_wrapper_test" name="run_test_006" ratio_time="63156573019495.58" sim_time_ns="24511000000000" time="0.38809895515441895" />
    <testcase classname="trivium_wrapper_test" name="run_test_007" ratio_time="63078258258243.516" sim_time_ns="24511000000000" time="0.3885807991027832" />
    <testcase classname="trivium_wrapper_test" name="run_test_008" ratio_time="63362721158403.44" sim_time_ns="24511000000000" time="0.38683629035949707" />
    <testcase classname="trivium_wrapper_test" name="run_test_009" ratio_time="62828037198171.26" sim_time_ns="24511000000000" time="0.39012837409973145" />
    <testcase classname="trivium_wrapper_test" name="run_test_010" ratio_time="61339346756322.98" sim_time_ns="24511000000000" time="0.3995966911315918" />
    <testcase classname="trivium_wrapper_test" name="run_test_011" ratio_time="62495074781995.52" sim_time_ns="24511000000000" time="0.39220690727233887" />
    <testcase classname="trivium_wrapper_test" name="run_test_012" ratio_time="62162390259269.49" sim_time_ns="24511000000000" time="0.394305944442749" />
    <testcase classname="trivium_wrapper_test" name="run_test_013" ratio_time="62117806816327.96" sim_time_ns="24511000000000" time="0.3945889472961426" />
    <testcase classname="trivium_wrapper_test" name="run_test_014" ratio_time="62784257882644.93" sim_time_ns="24511000000000" time="0.39040040969848633" />
    <testcase classname="trivium_wrapper_test" name="run_test_015" ratio_time="62046314089948.12" sim_time_ns="24511000000000" time="0.39504361152648926" />
    <testcase classname="trivium_wrapper_test" name="run_test_016" ratio_time="62327759566061.68" sim_time_ns="24511000000000" time="0.39325976371765137" />
    <testcase classname="trivium_wrapper_test" name="run_test_017" ratio_time="62900381687861.555" sim_time_ns="24511000000000" time="0.3896796703338623" />
    <testcase classname="trivium_wrapper_test" name="run_test_018" ratio_time="61644584974435.33" sim_time_ns="24511000000000" time="0.39761805534362793" />
    <testcase classname="trivium_wrapper_test" name="run_test_019" ratio_time="61899944874043.484" sim_time_ns="24511000000000" time="0.3959777355194092" />
    <testcase classname="trivium_wrapper_test" name="run_test_020" ratio_time="62409562222536.55" sim_time_ns="24511000000000" time="0.3927443027496338" />
    <testcase classname="trivium_wrapper_test" name="run_test_021" ratio_time="62661419217050.62" sim_time_ns="24511000000000" time="0.39116573333740234" />
    <testcase classname="trivium_wrapper_test" name="run_test_022" ratio_time="62167915998867.984" sim_time_ns="24511000000000" time="0.3942708969116211" />
    <testcase classname="trivium_wrapper_test" name="run_test_023" ratio_time="62790853488028.36" sim_time_ns="24511000000000" time="0.39035940170288086" />
    <testcase classname="trivium_wrapper_test" name="run_test_024" ratio_time="62797987504733.984" sim_time_ns="24511000000000" time="0.39031505584716797" />
    <testcase classname="trivium_wrapper_test" name="run_test_025" ratio_time="62558240147404.06" sim_time_ns="24511000000000" time="0.39181089401245117" />
    <testcase classname="trivium_wrapper_test" name="run_test_026" ratio_time="61708079065314.54" sim_time_ns="24511000000000" time="0.39720892906188965" />
    <testcase classname="trivium_wrapper_test" name="run_test_027" ratio_time="61139988726698.56" sim_time_ns="24511000000000" time="0.40089964866638184" />
    <testcase classname="trivium_wrapper_test" name="run_test_028" ratio_time="61239450776881.086" sim_time_ns="24511000000000" time="0.40024852752685547" />
    <testcase classname="trivium_wrapper_test" name="run_test_029" ratio_time="61903709374680.12" sim_time_ns="24511000000000" time="0.3959536552429199" />
    <testcase classname="trivium_wrapper_test" name="run_test_030" ratio_time="61408301622078.81" sim_time_ns="24511000000000" time="0.39914798736572266" />
    <testcase classname="trivium_wrapper_test" name="run_test_031" ratio_time="61620531355528.89" sim_time_ns="24511000000000" time="0.39777326583862305" />
    <testcase classname="trivium_wrapper_test" name="run_test_032" ratio_time="62335960417987.984" sim_time_ns="24511000000000" time="0.39320802688598633" />
    <testcase classname="trivium_wrapper_test" name="run_test_033" ratio_time="61918436324761.875" sim_time_ns="24511000000000" time="0.3958594799041748" />
    <testcase classname="trivium_wrapper_test" name="run_test_034" ratio_time="61934513474110.86" sim_time_ns="24511000000000" time="0.39575672149658203" />
    <testcase classname="trivium_wrapper_test" name="run_test_035" ratio_time="60723858425604.45" sim_time_ns="24511000000000" time="0.40364694595336914" />
    <testcase classname="trivium_wrapper_test" name="run_test_036" ratio_time="62437231428694.63" sim_time_ns="24511000000000" time="0.39257025718688965" />
    <testcase classname="trivium_wrapper_test" name="run_test_037" ratio_time="61419711324340.42" sim_time_ns="24511000000000" time="0.39907383918762207" />
    <testcase classname="trivium_wrapper_test" name="run_test_038" ratio_time="62365645127025.46" sim_time_ns="24511000000000" time="0.3930208683013916" />
    <testcase classname="trivium_wrapper_test" name="run_test_039" ratio_time="62148598991903.06" sim_time_ns="24511000000000" time="0.3943934440612793" />
    <testcase classname="trivium_wrapper_test" name="run_test_040" ratio_time="62552035849512.36" sim_time_ns="24511000000000" time="0.3918497562408447" />
    <testcase classname="trivium_wrapper_test" name="run_test_041" ratio_time="61896553488321.69" sim_time_ns="24511000000000" time="0.3959994316101074" />
    <testcase classname="trivium_wrapper_test" name="run_test_042" ratio_time="62245228884295.47" sim_time_ns="24511000000000" time="0.3937811851501465" />
    <testcase classname="trivium_wrapper_test" name="run_test_043" ratio_time="61523988835427.89" sim_time_ns="24511000000000" time="0.39839744567871094" />
    <testcase classname="trivium_wrapper_test" name="run_test_044" ratio_time="60599653722278.02" sim_time_ns="24511000000000" time="0.40447425842285156" />
    <testcase classname="trivium_wrapper_test" name="run_test_045" ratio_time="61499624531753.43" sim_time_ns="24511000000000" time="0.39855527877807617" />
    <testcase classname="trivium_wrapper_test" name="run_test_046" ratio_time="62026136998996.06" sim_time_ns="24511000000000" time="0.395172119140625" />
    <testcase classname="trivium_wrapper_test" name="run_test_047" ratio_time="59827236841906.18" sim_time_ns="24511000000000" time="0.4096963405609131" />
    <testcase classname="trivium_wrapper_test" name="run_test_048" ratio_time="59626675859877.01" sim_time_ns="24511000000000" time="0.4110743999481201" />
    <testcase classname="trivium_wrapper_test" name="run_test_049" ratio_time="59300555153770.68" sim_time_ns="24511000000000" time="0.41333508491516113" />
    <testcase classname="trivium_wrapper_test" name="run_test_050" ratio_time="60908488691771.836" sim_time_ns="24511000000000" time="0.4024233818054199" />
    <testcase classname="trivium_wrapper_test" name="run_test_051" ratio_time="61165924756452.65" sim_time_ns="24511000000000" time="0.4007296562194824" />
    <testcase classname="trivium_wrapper_test" name="run_test_052" ratio_time="62321638677677.734" sim_time_ns="24511000000000" time="0.3932983875274658" />
    <testcase classname="trivium_wrapper_test" name="run_test_053" ratio_time="61715561917214.0" sim_time_ns="24511000000000" time="0.39716076850891113" />
    <testcase classname="trivium_wrapper_test" name="run_test_054" ratio_time="61736353022845.79" sim_time_ns="24511000000000" time="0.39702701568603516" />
    <testcase classname="trivium_wrapper_test" name="run_test_055" ratio_time="62779465434118.45" sim_time_ns="24511000000000" time="0.390430212020874" />
    <testcase classname="trivium_wrapper_test" name="run_test_056" ratio_time="62357852518568.164" sim_time_ns="24511000000000" time="0.3930699825286865" />
    <testcase classname="trivium_wrapper_test" name="run_test_057" ratio_time="62241648828230.71" sim_time_ns="24511000000000" time="0.39380383491516113" />
    <testcase classname="trivium_wrapper_test" name="run_test_058" ratio_time="61399976315938.78" sim_time_ns="24511000000000" time="0.3992021083831787" />
    <testcase classname="trivium_wrapper_test" name="run_test_059" ratio_time="61372669029084.484" sim_time_ns="24511000000000" time="0.3993797302246094" />
    <testcase classname="trivium_wrapper_test" name="run_test_060" ratio_time="62208618696486.164" sim_time_ns="24511000000000" time="0.3940129280090332" />
    <testcase classname="trivium_wrapper_test" name="run_test_061" ratio_time="61295972220632.29" sim_time_ns="24511000000000" time="0.39987945556640625" />
    <testcase classname="trivium_wrapper_test" name="run_test_062" ratio_time="61212869207552.516" sim_time_ns="24511000000000" time="0.4004223346710205" />
    <testcase classname="trivium_wrapper_test" name="run_test_063" ratio_time="61811703635473.8" sim_time_ns="24511000000000" time="0.396543025970459" />
    <testcase classname="trivium_wrapper_test" name="run_test_064" ratio_time="63050714147109.73" sim_time_ns="24511000000000" time="0.3887505531311035" />
    <testcase classname="trivium_wrapper_test" name="run_test_065" ratio_time="62022207923975.78" sim_time_ns="24511000000000" time="0.39519715309143066" />
    <testcase classname="trivium_wrapper_test" name="run_test_066" ratio_time="62459688039918.17" sim_time_ns="24511000000000" time="0.3924291133880615" />
    <testcase classname="trivium_wrapper_test" name="run_test_067" ratio_time="62371963865406.52" sim_time_ns="24511000000000" time="0.39298105239868164" />
    <testcase classname="trivium_wrapper_test" name="run_test_068" ratio_time="62427146384102.74" sim_time_ns="24511000000000" time="0.39263367652893066" />
    <testcase classname="trivium_wrapper_test" name="run_test_069" ratio_time="62212458483710.82" sim_time_ns="24511000000000" time="0.39398860931396484" />
    <testcase classname="trivium_wrapper_test" name="run_test_070" ratio_time="60198998432466.96" sim_time_ns="24511000000000" time="0.4071662425994873" />
    <testcase classname="trivium_wrapper_test" name="run_test_071" ratio_time="60497415398195.195" sim_time_ns="24511000000000" time="0.40515780448913574" />
    <testcase classname="trivium_wrapper_test" name="run_test_072" ratio_time="60669424948525.766" sim_time_ns="24511000000000" time="0.4040091037750244" />
    <testcase classname="trivium_wrapper_test" name="run_test_073" ratio_time="61770256608934.0" sim_time_ns="24511000000000" time="0.39680910110473633" />
    <testcase classname="trivium_wrapper_test" name="run_test_074" ratio_time="60911880933195.56" sim_time_ns="24511000000000" time="0.4024009704589844" />
    <testcase classname="trivium_wrapper_test" name="run_test_075" ratio_time="62078422333274.56" sim_time_ns="24511000000000" time="0.3948392868041992" />
    <testcase classname="trivium_wrapper_test" name="run_test_076" ratio_time="62284297089183.22" sim_time_ns="24511000000000" time="0.39353418350219727" />
    <testcase classname="trivium_wrapper_test" name="run_test_077" ratio_time="62709005146322.82" sim_time_ns="24511000000000" time="0.3908689022064209" />
    <testcase classname="trivium_wrapper_test" name="run_test_078" ratio_time="60986063289750.07" sim_time_ns="24511000000000" time="0.40191149711608887" />
    <testcase classname="trivium_wrapper_test" name="run_test_079" ratio_time="62638741007834.22" sim_time_ns="24511000000000" time="0.39130735397338867" />
    <testcase classname="trivium_wrapper_test" name="run_test_080" ratio_time="61771370049293.76" sim_time_ns="24511000000000" time="0.3968019485473633" />
    <testcase classname="trivium_wrapper_test" name="run_test_081" ratio_time="62607690109349.38" sim_time_ns="24511000000000" time="0.39150142669677734" />
    <testcase classname="trivium_wrapper_test" name="run_test_082" ratio_time="62852082296717.414" sim_time_ns="24511000000000" time="0.38997912406921387" />
    <testcase classname="trivium_wrapper_test" name="run_test_083" ratio_time="62356037044877.09" sim_time_ns="24511000000000" time="0.3930814266204834" />
    <testcase classname="trivium_wrapper_test" name="run_test_084" ratio_time="61759347017238.65" sim_time_ns="24511000000000" time="0.3968791961669922" />
    <testcase classname="trivium_wrapper_test" name="run_test_085" ratio_time="62586650990973.0" sim_time_ns="24511000000000" time="0.3916330337524414" />
    <testcase classname="trivium_wrapper_test" name="run_test_086" ratio_time="61707597557784.14" sim_time_ns="24511000000000" time="0.39721202850341797" />
    <testcase classname="trivium_wrapper_test" name="run_test_087" ratio_time="61886791353741.02" sim_time_ns="24511000000000" time="0.39606189727783203" />
    <testcase classname="trivium_wrapper_test" name="run_test_088" ratio_time="62868340445725.1" sim_time_ns="24511000000000" time="0.3898782730102539" />
    <testcase classname="trivium_wrapper_test" name="run_test_089" ratio_time="61970614876696.625" sim_time_ns="24511000000000" time="0.3955261707305908" />
    <testcase classname="trivium_wrapper_test" name="run_test_090" ratio_time="58658331028611.79" sim_time_ns="24511000000000" time="0.4178605079650879" />
    <testcase classname="trivium_wrapper_test" name="run_test_091" ratio_time="57785368840954.836" sim_time_ns="24511000000000" time="0.42417311668395996" />
    <testcase classname="trivium_wrapper_test" name="run_test_092" ratio_time="58823325813432.14" sim_time_ns="24511000000000" time="0.4166884422302246" />
    <testcase classname="trivium_wrapper_test" name="run_test_093" ratio_time="58128202553632.27" sim_time_ns="24511000000000" time="0.42167139053344727" />
    <testcase classname="trivium_wrapper_test" name="run_test_094" ratio_time="59537964803039.25" sim_time_ns="24511000000000" time="0.41168689727783203" />
    <testcase classname="trivium_wrapper_test" name="run_test_095" ratio_time="62042457341904.46" sim_time_ns="24511000000000" time="0.3950681686401367" />
    <testcase classname="trivium_wrapper_test" name="run_test_096" ratio_time="62434501320575.164" sim_time_ns="24511000000000" time="0.39258742332458496" />
    <testcase classname="trivium_wrapper_test" name="run_test_097" ratio_time="62303132194778.14" sim_time_ns="24511000000000" time="0.3934152126312256" />
    <testcase classname="trivium_wrapper_test" name="run_test_098" ratio_time="61772409296512.61" sim_time_ns="24511000000000" time="0.39679527282714844" />
    <testcase classname="trivium_wrapper_test" name="run_test_099" ratio_time="62200300783322.67" sim_time_ns="24511000000000" time="0.39406561851501465" />
    <testcase classname="trivium_wrapper_test" name="run_test_100" ratio_time="62130983633644.07" sim_time_ns="24511000000000" time="0.39450526237487793" />
  </testsuite>
</testsuites>
