<testsuites name="results">
  <testsuite name="all" package="all" tests="0">
    <property name="random_seed" value="1583603598" />
    <testcase classname="hirose_present_wrapper_test" name="run_test_001" ratio_time="20137556968412.85" sim_time_ns="13111000000000" time="0.6510720252990723" />
    <testcase classname="hirose_present_wrapper_test" name="run_test_002" ratio_time="20430907056017.926" sim_time_ns="13091000000000" time="0.6407449245452881" />
    <testcase classname="hirose_present_wrapper_test" name="run_test_003" ratio_time="21178197921893.785" sim_time_ns="13091000000000" time="0.6181356906890869" />
    <testcase classname="hirose_present_wrapper_test" name="run_test_004" ratio_time="21262019178850.293" sim_time_ns="13091000000000" time="0.6156988143920898" />
    <testcase classname="hirose_present_wrapper_test" name="run_test_005" ratio_time="21255319348322.766" sim_time_ns="13091000000000" time="0.6158928871154785" />
    <testcase classname="hirose_present_wrapper_test" name="run_test_006" ratio_time="21350972331198.145" sim_time_ns="13091000000000" time="0.6131336688995361" />
    <testcase classname="hirose_present_wrapper_test" name="run_test_007" ratio_time="21295598305276.695" sim_time_ns="13091000000000" time="0.6147279739379883" />
    <testcase classname="hirose_present_wrapper_test" name="run_test_008" ratio_time="21078037268005.875" sim_time_ns="13091000000000" time="0.6210730075836182" />
    <testcase classname="hirose_present_wrapper_test" name="run_test_009" ratio_time="21200251457942.08" sim_time_ns="13091000000000" time="0.61749267578125" />
    <testcase classname="hirose_present_wrapper_test" name="run_test_010" ratio_time="21302224381720.035" sim_time_ns="13091000000000" time="0.6145367622375488" />
  </testsuite>
</testsuites>
