<testsuites name="results">
  <testsuite name="all" package="all" tests="0">
    <property name="random_seed" value="1583587851" />
    <testcase classname="present_test" name="run_test_001" ratio_time="39484158605737.74" sim_time_ns="10751000000000" time="0.27228641510009766" />
    <testcase classname="present_test" name="run_test_002" ratio_time="41255171355395.38" sim_time_ns="10711000000000" time="0.2596280574798584" />
    <testcase classname="present_test" name="run_test_003" ratio_time="41031318060096.81" sim_time_ns="10711000000000" time="0.2610445022583008" />
    <testcase classname="present_test" name="run_test_004" ratio_time="42043054660886.88" sim_time_ns="10711000000000" time="0.2547626495361328" />
    <testcase classname="present_test" name="run_test_005" ratio_time="40536688271705.195" sim_time_ns="10711000000000" time="0.26422977447509766" />
    <testcase classname="present_test" name="run_test_006" ratio_time="41290927839296.484" sim_time_ns="10711000000000" time="0.2594032287597656" />
    <testcase classname="present_test" name="run_test_007" ratio_time="41341730303060.98" sim_time_ns="10711000000000" time="0.25908446311950684" />
    <testcase classname="present_test" name="run_test_008" ratio_time="41155698557426.73" sim_time_ns="10711000000000" time="0.2602555751800537" />
    <testcase classname="present_test" name="run_test_009" ratio_time="40789131428062.984" sim_time_ns="10711000000000" time="0.26259446144104004" />
    <testcase classname="present_test" name="run_test_010" ratio_time="40859357225231.65" sim_time_ns="10711000000000" time="0.2621431350708008" />
    <testcase classname="present_test" name="run_test_011" ratio_time="37746677923265.13" sim_time_ns="10711000000000" time="0.28376007080078125" />
    <testcase classname="present_test" name="run_test_012" ratio_time="40057663303055.78" sim_time_ns="10711000000000" time="0.26738953590393066" />
    <testcase classname="present_test" name="run_test_013" ratio_time="40555058184188.24" sim_time_ns="10711000000000" time="0.26411008834838867" />
    <testcase classname="present_test" name="run_test_014" ratio_time="40604064948152.65" sim_time_ns="10711000000000" time="0.2637913227081299" />
    <testcase classname="present_test" name="run_test_015" ratio_time="41219703663468.805" sim_time_ns="10711000000000" time="0.25985145568847656" />
    <testcase classname="present_test" name="run_test_016" ratio_time="41328761332818.164" sim_time_ns="10711000000000" time="0.25916576385498047" />
    <testcase classname="present_test" name="run_test_017" ratio_time="41676235827588.67" sim_time_ns="10711000000000" time="0.257004976272583" />
    <testcase classname="present_test" name="run_test_018" ratio_time="41978469499045.03" sim_time_ns="10711000000000" time="0.2551546096801758" />
    <testcase classname="present_test" name="run_test_019" ratio_time="42248415062471.91" sim_time_ns="10711000000000" time="0.2535243034362793" />
    <testcase classname="present_test" name="run_test_020" ratio_time="41666224711931.56" sim_time_ns="10711000000000" time="0.2570667266845703" />
    <testcase classname="present_test" name="run_test_021" ratio_time="40583230857759.2" sim_time_ns="10711000000000" time="0.26392674446105957" />
    <testcase classname="present_test" name="run_test_022" ratio_time="40095559692374.42" sim_time_ns="10711000000000" time="0.267136812210083" />
    <testcase classname="present_test" name="run_test_023" ratio_time="39959431581381.695" sim_time_ns="10711000000000" time="0.26804685592651367" />
    <testcase classname="present_test" name="run_test_024" ratio_time="40979069652721.53" sim_time_ns="10711000000000" time="0.26137733459472656" />
    <testcase classname="present_test" name="run_test_025" ratio_time="41549462512693.69" sim_time_ns="10711000000000" time="0.25778913497924805" />
    <testcase classname="present_test" name="run_test_026" ratio_time="41258543392691.51" sim_time_ns="10711000000000" time="0.25960683822631836" />
    <testcase classname="present_test" name="run_test_027" ratio_time="41928595362068.336" sim_time_ns="10711000000000" time="0.25545811653137207" />
    <testcase classname="present_test" name="run_test_028" ratio_time="41153662723687.65" sim_time_ns="10711000000000" time="0.2602684497833252" />
    <testcase classname="present_test" name="run_test_029" ratio_time="40532957773723.75" sim_time_ns="10711000000000" time="0.264254093170166" />
    <testcase classname="present_test" name="run_test_030" ratio_time="40639657030789.22" sim_time_ns="10711000000000" time="0.26356029510498047" />
    <testcase classname="present_test" name="run_test_031" ratio_time="40362239022505.73" sim_time_ns="10711000000000" time="0.26537179946899414" />
    <testcase classname="present_test" name="run_test_032" ratio_time="40448947786189.164" sim_time_ns="10711000000000" time="0.2648029327392578" />
    <testcase classname="present_test" name="run_test_033" ratio_time="40826421552260.78" sim_time_ns="10711000000000" time="0.26235461235046387" />
    <testcase classname="present_test" name="run_test_034" ratio_time="40702840302391.15" sim_time_ns="10711000000000" time="0.2631511688232422" />
    <testcase classname="present_test" name="run_test_035" ratio_time="40953069980455.65" sim_time_ns="10711000000000" time="0.26154327392578125" />
    <testcase classname="present_test" name="run_test_036" ratio_time="41497190251688.516" sim_time_ns="10711000000000" time="0.2581138610839844" />
    <testcase classname="present_test" name="run_test_037" ratio_time="38489710541466.76" sim_time_ns="10711000000000" time="0.27828216552734375" />
    <testcase classname="present_test" name="run_test_038" ratio_time="42234275513906.94" sim_time_ns="10711000000000" time="0.25360918045043945" />
    <testcase classname="present_test" name="run_test_039" ratio_time="40428527205561.43" sim_time_ns="10711000000000" time="0.2649366855621338" />
    <testcase classname="present_test" name="run_test_040" ratio_time="40470956654595.25" sim_time_ns="10711000000000" time="0.26465892791748047" />
    <testcase classname="present_test" name="run_test_041" ratio_time="37288597285683.81" sim_time_ns="10711000000000" time="0.2872459888458252" />
    <testcase classname="present_test" name="run_test_042" ratio_time="38999727540418.914" sim_time_ns="10711000000000" time="0.2746429443359375" />
    <testcase classname="present_test" name="run_test_043" ratio_time="40591334538042.3" sim_time_ns="10711000000000" time="0.2638740539550781" />
    <testcase classname="present_test" name="run_test_044" ratio_time="40917411520399.875" sim_time_ns="10711000000000" time="0.26177120208740234" />
    <testcase classname="present_test" name="run_test_045" ratio_time="41339904266664.945" sim_time_ns="10711000000000" time="0.2590959072113037" />
    <testcase classname="present_test" name="run_test_046" ratio_time="41400325067433.63" sim_time_ns="10711000000000" time="0.25871777534484863" />
    <testcase classname="present_test" name="run_test_047" ratio_time="41080168529935.13" sim_time_ns="10711000000000" time="0.26073408126831055" />
    <testcase classname="present_test" name="run_test_048" ratio_time="41299582403924.3" sim_time_ns="10711000000000" time="0.25934886932373047" />
    <testcase classname="present_test" name="run_test_049" ratio_time="40313090409518.24" sim_time_ns="10711000000000" time="0.26569533348083496" />
    <testcase classname="present_test" name="run_test_050" ratio_time="40996047006776.52" sim_time_ns="10711000000000" time="0.26126909255981445" />
    <testcase classname="present_test" name="run_test_051" ratio_time="41382477617632.13" sim_time_ns="10711000000000" time="0.25882935523986816" />
    <testcase classname="present_test" name="run_test_052" ratio_time="41488222791506.055" sim_time_ns="10711000000000" time="0.25816965103149414" />
    <testcase classname="present_test" name="run_test_053" ratio_time="41888601634324.55" sim_time_ns="10711000000000" time="0.25570201873779297" />
    <testcase classname="present_test" name="run_test_054" ratio_time="41279394060570.42" sim_time_ns="10711000000000" time="0.2594757080078125" />
    <testcase classname="present_test" name="run_test_055" ratio_time="40453828481896.03" sim_time_ns="10711000000000" time="0.2647709846496582" />
    <testcase classname="present_test" name="run_test_056" ratio_time="41953498018832.07" sim_time_ns="10711000000000" time="0.2553064823150635" />
    <testcase classname="present_test" name="run_test_057" ratio_time="38293257469391.09" sim_time_ns="10711000000000" time="0.2797098159790039" />
    <testcase classname="present_test" name="run_test_058" ratio_time="39746358827812.516" sim_time_ns="10711000000000" time="0.2694838047027588" />
    <testcase classname="present_test" name="run_test_059" ratio_time="40142600696963.74" sim_time_ns="10711000000000" time="0.26682376861572266" />
    <testcase classname="present_test" name="run_test_060" ratio_time="41755916111162.75" sim_time_ns="10711000000000" time="0.2565145492553711" />
    <testcase classname="present_test" name="run_test_061" ratio_time="41102418599714.914" sim_time_ns="10711000000000" time="0.2605929374694824" />
    <testcase classname="present_test" name="run_test_062" ratio_time="39575807408242.66" sim_time_ns="10711000000000" time="0.2706451416015625" />
    <testcase classname="present_test" name="run_test_063" ratio_time="39725271305874.89" sim_time_ns="10711000000000" time="0.2696268558502197" />
    <testcase classname="present_test" name="run_test_064" ratio_time="41491939601660.59" sim_time_ns="10711000000000" time="0.2581465244293213" />
    <testcase classname="present_test" name="run_test_065" ratio_time="40225161588513.336" sim_time_ns="10711000000000" time="0.26627612113952637" />
    <testcase classname="present_test" name="run_test_066" ratio_time="40752352962413.66" sim_time_ns="10711000000000" time="0.262831449508667" />
    <testcase classname="present_test" name="run_test_067" ratio_time="41068677090494.23" sim_time_ns="10711000000000" time="0.2608070373535156" />
    <testcase classname="present_test" name="run_test_068" ratio_time="41661974341711.13" sim_time_ns="10711000000000" time="0.2570929527282715" />
    <testcase classname="present_test" name="run_test_069" ratio_time="40698120551082.38" sim_time_ns="10711000000000" time="0.2631816864013672" />
    <testcase classname="present_test" name="run_test_070" ratio_time="40984415628110.31" sim_time_ns="10711000000000" time="0.26134324073791504" />
    <testcase classname="present_test" name="run_test_071" ratio_time="40884717092606.11" sim_time_ns="10711000000000" time="0.2619805335998535" />
    <testcase classname="present_test" name="run_test_072" ratio_time="41211271562095.516" sim_time_ns="10711000000000" time="0.2599046230316162" />
    <testcase classname="present_test" name="run_test_073" ratio_time="41370587864126.4" sim_time_ns="10711000000000" time="0.25890374183654785" />
    <testcase classname="present_test" name="run_test_074" ratio_time="41671017078319.84" sim_time_ns="10711000000000" time="0.2570371627807617" />
    <testcase classname="present_test" name="run_test_075" ratio_time="41632824731414.97" sim_time_ns="10711000000000" time="0.25727295875549316" />
    <testcase classname="present_test" name="run_test_076" ratio_time="42782391293665.47" sim_time_ns="10711000000000" time="0.25036001205444336" />
    <testcase classname="present_test" name="run_test_077" ratio_time="41213124059922.76" sim_time_ns="10711000000000" time="0.25989294052124023" />
    <testcase classname="present_test" name="run_test_078" ratio_time="42575249261037.06" sim_time_ns="10711000000000" time="0.25157809257507324" />
    <testcase classname="present_test" name="run_test_079" ratio_time="42406898861980.17" sim_time_ns="10711000000000" time="0.2525768280029297" />
    <testcase classname="present_test" name="run_test_080" ratio_time="41862020516729.36" sim_time_ns="10711000000000" time="0.25586438179016113" />
    <testcase classname="present_test" name="run_test_081" ratio_time="41186562322316.375" sim_time_ns="10711000000000" time="0.26006054878234863" />
    <testcase classname="present_test" name="run_test_082" ratio_time="40665628247579.08" sim_time_ns="10711000000000" time="0.26339197158813477" />
    <testcase classname="present_test" name="run_test_083" ratio_time="40879248301823.61" sim_time_ns="10711000000000" time="0.26201558113098145" />
    <testcase classname="present_test" name="run_test_084" ratio_time="39203070736264.15" sim_time_ns="10711000000000" time="0.27321839332580566" />
    <testcase classname="present_test" name="run_test_085" ratio_time="42749049765678.16" sim_time_ns="10711000000000" time="0.25055527687072754" />
    <testcase classname="present_test" name="run_test_086" ratio_time="42114549349512.25" sim_time_ns="10711000000000" time="0.2543301582336426" />
    <testcase classname="present_test" name="run_test_087" ratio_time="41779953467047.22" sim_time_ns="10711000000000" time="0.2563669681549072" />
    <testcase classname="present_test" name="run_test_088" ratio_time="42064272760724.82" sim_time_ns="10711000000000" time="0.25463414192199707" />
    <testcase classname="present_test" name="run_test_089" ratio_time="41580535064483.11" sim_time_ns="10711000000000" time="0.257596492767334" />
    <testcase classname="present_test" name="run_test_090" ratio_time="41193700021273.01" sim_time_ns="10711000000000" time="0.26001548767089844" />
    <testcase classname="present_test" name="run_test_091" ratio_time="41350368119346.27" sim_time_ns="10711000000000" time="0.2590303421020508" />
    <testcase classname="present_test" name="run_test_092" ratio_time="41198913237335.914" sim_time_ns="10711000000000" time="0.2599825859069824" />
    <testcase classname="present_test" name="run_test_093" ratio_time="42177613845277.11" sim_time_ns="10711000000000" time="0.2539498805999756" />
    <testcase classname="present_test" name="run_test_094" ratio_time="41813123023599.53" sim_time_ns="10711000000000" time="0.2561635971069336" />
    <testcase classname="present_test" name="run_test_095" ratio_time="42184386203580.94" sim_time_ns="10711000000000" time="0.2539091110229492" />
    <testcase classname="present_test" name="run_test_096" ratio_time="42195519774281.93" sim_time_ns="10711000000000" time="0.2538421154022217" />
    <testcase classname="present_test" name="run_test_097" ratio_time="43003904693986.75" sim_time_ns="10711000000000" time="0.249070405960083" />
    <testcase classname="present_test" name="run_test_098" ratio_time="41813123023599.53" sim_time_ns="10711000000000" time="0.2561635971069336" />
    <testcase classname="present_test" name="run_test_099" ratio_time="41727448830336.03" sim_time_ns="10711000000000" time="0.25668954849243164" />
    <testcase classname="present_test" name="run_test_100" ratio_time="41903057808719.53" sim_time_ns="10711000000000" time="0.2556138038635254" />
    <testcase classname="present_test" name="run_test_101" ratio_time="41921396332581.54" sim_time_ns="10711000000000" time="0.25550198554992676" />
    <testcase classname="present_test" name="run_test_102" ratio_time="42530509790259.445" sim_time_ns="10711000000000" time="0.251842737197876" />
    <testcase classname="present_test" name="run_test_103" ratio_time="42866566170240.375" sim_time_ns="10711000000000" time="0.24986839294433594" />
    <testcase classname="present_test" name="run_test_104" ratio_time="42158694455158.07" sim_time_ns="10711000000000" time="0.25406384468078613" />
    <testcase classname="present_test" name="run_test_105" ratio_time="41817131821376.21" sim_time_ns="10711000000000" time="0.25613903999328613" />
    <testcase classname="present_test" name="run_test_106" ratio_time="42255329410525.37" sim_time_ns="10711000000000" time="0.2534828186035156" />
    <testcase classname="present_test" name="run_test_107" ratio_time="41558264249313.375" sim_time_ns="10711000000000" time="0.2577345371246338" />
    <testcase classname="present_test" name="run_test_108" ratio_time="41928986684511.49" sim_time_ns="10711000000000" time="0.25545573234558105" />
    <testcase classname="present_test" name="run_test_109" ratio_time="41788347815248.38" sim_time_ns="10711000000000" time="0.2563154697418213" />
    <testcase classname="present_test" name="run_test_110" ratio_time="41867911509736.055" sim_time_ns="10711000000000" time="0.2558283805847168" />
    <testcase classname="present_test" name="run_test_111" ratio_time="41480867769617.58" sim_time_ns="10711000000000" time="0.25821542739868164" />
    <testcase classname="present_test" name="run_test_112" ratio_time="41553920568294.28" sim_time_ns="10711000000000" time="0.25776147842407227" />
    <testcase classname="present_test" name="run_test_113" ratio_time="42419431883225.96" sim_time_ns="10711000000000" time="0.2525022029876709" />
    <testcase classname="present_test" name="run_test_114" ratio_time="42610785338347.65" sim_time_ns="10711000000000" time="0.25136828422546387" />
    <testcase classname="present_test" name="run_test_115" ratio_time="42031018286807.04" sim_time_ns="10711000000000" time="0.2548356056213379" />
    <testcase classname="present_test" name="run_test_116" ratio_time="41621986084372.06" sim_time_ns="10711000000000" time="0.2573399543762207" />
    <testcase classname="present_test" name="run_test_117" ratio_time="41720434934505.93" sim_time_ns="10711000000000" time="0.256732702255249" />
    <testcase classname="present_test" name="run_test_118" ratio_time="42214630908026.52" sim_time_ns="10711000000000" time="0.2537271976470947" />
    <testcase classname="present_test" name="run_test_119" ratio_time="41567377397805.29" sim_time_ns="10711000000000" time="0.2576780319213867" />
    <testcase classname="present_test" name="run_test_120" ratio_time="41737450615769.95" sim_time_ns="10711000000000" time="0.25662803649902344" />
    <testcase classname="present_test" name="run_test_121" ratio_time="41363312571815.8" sim_time_ns="10711000000000" time="0.25894927978515625" />
    <testcase classname="present_test" name="run_test_122" ratio_time="42968121130853.04" sim_time_ns="10711000000000" time="0.24927783012390137" />
    <testcase classname="present_test" name="run_test_123" ratio_time="42086379662973.13" sim_time_ns="10711000000000" time="0.2545003890991211" />
    <testcase classname="present_test" name="run_test_124" ratio_time="42236618211732.19" sim_time_ns="10711000000000" time="0.25359511375427246" />
    <testcase classname="present_test" name="run_test_125" ratio_time="41771717848465.77" sim_time_ns="10711000000000" time="0.25641751289367676" />
    <testcase classname="present_test" name="run_test_126" ratio_time="41812656029187.3" sim_time_ns="10711000000000" time="0.2561664581298828" />
    <testcase classname="present_test" name="run_test_127" ratio_time="42000172154634.77" sim_time_ns="10711000000000" time="0.2550227642059326" />
    <testcase classname="present_test" name="run_test_128" ratio_time="41622333142169.43" sim_time_ns="10711000000000" time="0.2573378086090088" />
    <testcase classname="present_test" name="run_test_129" ratio_time="42054743618330.83" sim_time_ns="10711000000000" time="0.25469183921813965" />
    <testcase classname="present_test" name="run_test_130" ratio_time="42095331484925.86" sim_time_ns="10711000000000" time="0.25444626808166504" />
    <testcase classname="present_test" name="run_test_131" ratio_time="42032237344303.62" sim_time_ns="10711000000000" time="0.25482821464538574" />
    <testcase classname="present_test" name="run_test_132" ratio_time="42051633799916.51" sim_time_ns="10711000000000" time="0.25471067428588867" />
    <testcase classname="present_test" name="run_test_133" ratio_time="42740996975558.055" sim_time_ns="10711000000000" time="0.25060248374938965" />
    <testcase classname="present_test" name="run_test_134" ratio_time="42264114690727.71" sim_time_ns="10711000000000" time="0.2534301280975342" />
    <testcase classname="present_test" name="run_test_135" ratio_time="41801373502181.945" sim_time_ns="10711000000000" time="0.25623559951782227" />
    <testcase classname="present_test" name="run_test_136" ratio_time="41851997935589.65" sim_time_ns="10711000000000" time="0.25592565536499023" />
    <testcase classname="present_test" name="run_test_137" ratio_time="41687450895313.67" sim_time_ns="10711000000000" time="0.25693583488464355" />
    <testcase classname="present_test" name="run_test_138" ratio_time="41836797735188.39" sim_time_ns="10711000000000" time="0.25601863861083984" />
    <testcase classname="present_test" name="run_test_139" ratio_time="42235744633004.195" sim_time_ns="10711000000000" time="0.2536003589630127" />
    <testcase classname="present_test" name="run_test_140" ratio_time="42844000000000.0" sim_time_ns="10711000000000" time="0.25" />
    <testcase classname="present_test" name="run_test_141" ratio_time="42199879712299.95" sim_time_ns="10711000000000" time="0.2538158893585205" />
    <testcase classname="present_test" name="run_test_142" ratio_time="42005120202857.92" sim_time_ns="10711000000000" time="0.2549927234649658" />
    <testcase classname="present_test" name="run_test_143" ratio_time="42475701395901.17" sim_time_ns="10711000000000" time="0.2521677017211914" />
    <testcase classname="present_test" name="run_test_144" ratio_time="42649012354633.23" sim_time_ns="10711000000000" time="0.2511429786682129" />
    <testcase classname="present_test" name="run_test_145" ratio_time="42134179931178.79" sim_time_ns="10711000000000" time="0.2542116641998291" />
    <testcase classname="present_test" name="run_test_146" ratio_time="42734613838631.734" sim_time_ns="10711000000000" time="0.2506399154663086" />
    <testcase classname="present_test" name="run_test_147" ratio_time="42395493445594.805" sim_time_ns="10711000000000" time="0.25264477729797363" />
    <testcase classname="present_test" name="run_test_148" ratio_time="42007044758702.46" sim_time_ns="10711000000000" time="0.25498104095458984" />
    <testcase classname="present_test" name="run_test_149" ratio_time="42505561079546.8" sim_time_ns="10711000000000" time="0.25199055671691895" />
    <testcase classname="present_test" name="run_test_150" ratio_time="41889890563648.586" sim_time_ns="10711000000000" time="0.2556941509246826" />
    <testcase classname="present_test" name="run_test_151" ratio_time="42119484896583.86" sim_time_ns="10711000000000" time="0.2543003559112549" />
    <testcase classname="present_test" name="run_test_152" ratio_time="42442274635545.93" sim_time_ns="10711000000000" time="0.252366304397583" />
    <testcase classname="present_test" name="run_test_153" ratio_time="41926130198631.49" sim_time_ns="10711000000000" time="0.25547313690185547" />
    <testcase classname="present_test" name="run_test_154" ratio_time="41987022297654.72" sim_time_ns="10711000000000" time="0.25510263442993164" />
    <testcase classname="present_test" name="run_test_155" ratio_time="41842097063940.6" sim_time_ns="10711000000000" time="0.25598621368408203" />
    <testcase classname="present_test" name="run_test_156" ratio_time="42436220914899.33" sim_time_ns="10711000000000" time="0.25240230560302734" />
    <testcase classname="present_test" name="run_test_157" ratio_time="40878281184969.234" sim_time_ns="10711000000000" time="0.2620217800140381" />
    <testcase classname="present_test" name="run_test_158" ratio_time="40482261900428.02" sim_time_ns="10711000000000" time="0.264585018157959" />
    <testcase classname="present_test" name="run_test_159" ratio_time="41860148230420.39" sim_time_ns="10711000000000" time="0.255875825881958" />
    <testcase classname="present_test" name="run_test_160" ratio_time="42749985387512.586" sim_time_ns="10711000000000" time="0.2505497932434082" />
    <testcase classname="present_test" name="run_test_161" ratio_time="40499049071027.414" sim_time_ns="10711000000000" time="0.26447534561157227" />
    <testcase classname="present_test" name="run_test_162" ratio_time="39880859615529.73" sim_time_ns="10711000000000" time="0.26857495307922363" />
    <testcase classname="present_test" name="run_test_163" ratio_time="40749137077974.97" sim_time_ns="10711000000000" time="0.26285219192504883" />
    <testcase classname="present_test" name="run_test_164" ratio_time="40556998608835.38" sim_time_ns="10711000000000" time="0.2640974521636963" />
    <testcase classname="present_test" name="run_test_165" ratio_time="41887625225520.9" sim_time_ns="10711000000000" time="0.2557079792022705" />
    <testcase classname="present_test" name="run_test_166" ratio_time="41971802303137.43" sim_time_ns="10711000000000" time="0.25519514083862305" />
    <testcase classname="present_test" name="run_test_167" ratio_time="41064247468515.26" sim_time_ns="10711000000000" time="0.2608351707458496" />
    <testcase classname="present_test" name="run_test_168" ratio_time="42064627233605.87" sim_time_ns="10711000000000" time="0.25463199615478516" />
    <testcase classname="present_test" name="run_test_169" ratio_time="41680489108379.945" sim_time_ns="10711000000000" time="0.25697875022888184" />
    <testcase classname="present_test" name="run_test_170" ratio_time="41855000306516.125" sim_time_ns="10711000000000" time="0.2559072971343994" />
    <testcase classname="present_test" name="run_test_171" ratio_time="41015472279866.305" sim_time_ns="10711000000000" time="0.26114535331726074" />
    <testcase classname="present_test" name="run_test_172" ratio_time="40387239523859.61" sim_time_ns="10711000000000" time="0.26520752906799316" />
    <testcase classname="present_test" name="run_test_173" ratio_time="41745207237477.88" sim_time_ns="10711000000000" time="0.2565803527832031" />
    <testcase classname="present_test" name="run_test_174" ratio_time="41572724099862.95" sim_time_ns="10711000000000" time="0.2576448917388916" />
    <testcase classname="present_test" name="run_test_175" ratio_time="40701365262517.03" sim_time_ns="10711000000000" time="0.26316070556640625" />
    <testcase classname="present_test" name="run_test_176" ratio_time="42171041588872.336" sim_time_ns="10711000000000" time="0.25398945808410645" />
    <testcase classname="present_test" name="run_test_177" ratio_time="41885008674378.88" sim_time_ns="10711000000000" time="0.2557239532470703" />
    <testcase classname="present_test" name="run_test_178" ratio_time="42231456679686.21" sim_time_ns="10711000000000" time="0.25362610816955566" />
    <testcase classname="present_test" name="run_test_179" ratio_time="42382774641575.79" sim_time_ns="10711000000000" time="0.25272059440612793" />
    <testcase classname="present_test" name="run_test_180" ratio_time="41882431495828.086" sim_time_ns="10711000000000" time="0.255739688873291" />
    <testcase classname="present_test" name="run_test_181" ratio_time="42794821152221.27" sim_time_ns="10711000000000" time="0.2502872943878174" />
    <testcase classname="present_test" name="run_test_182" ratio_time="42180663117590.836" sim_time_ns="10711000000000" time="0.25393152236938477" />
    <testcase classname="present_test" name="run_test_183" ratio_time="41948992989388.84" sim_time_ns="10711000000000" time="0.25533390045166016" />
    <testcase classname="present_test" name="run_test_184" ratio_time="41900361170724.24" sim_time_ns="10711000000000" time="0.2556302547454834" />
    <testcase classname="present_test" name="run_test_185" ratio_time="42115773257323.71" sim_time_ns="10711000000000" time="0.25432276725769043" />
    <testcase classname="present_test" name="run_test_186" ratio_time="42160593543567.64" sim_time_ns="10711000000000" time="0.25405240058898926" />
    <testcase classname="present_test" name="run_test_187" ratio_time="42244045090214.28" sim_time_ns="10711000000000" time="0.25355052947998047" />
    <testcase classname="present_test" name="run_test_188" ratio_time="42438305444927.266" sim_time_ns="10711000000000" time="0.25238990783691406" />
    <testcase classname="present_test" name="run_test_189" ratio_time="41173803713829.3" sim_time_ns="10711000000000" time="0.26014113426208496" />
    <testcase classname="present_test" name="run_test_190" ratio_time="41412041053285.57" sim_time_ns="10711000000000" time="0.25864458084106445" />
    <testcase classname="present_test" name="run_test_191" ratio_time="40983892184311.336" sim_time_ns="10711000000000" time="0.26134657859802246" />
    <testcase classname="present_test" name="run_test_192" ratio_time="41655754908496.81" sim_time_ns="10711000000000" time="0.25713133811950684" />
    <testcase classname="present_test" name="run_test_193" ratio_time="41563916237845.44" sim_time_ns="10711000000000" time="0.25769948959350586" />
    <testcase classname="present_test" name="run_test_194" ratio_time="41556457475228.11" sim_time_ns="10711000000000" time="0.25774574279785156" />
    <testcase classname="present_test" name="run_test_195" ratio_time="42491088158821.89" sim_time_ns="10711000000000" time="0.2520763874053955" />
    <testcase classname="present_test" name="run_test_196" ratio_time="43096560006369.73" sim_time_ns="10711000000000" time="0.2485349178314209" />
    <testcase classname="present_test" name="run_test_197" ratio_time="41446043470880.414" sim_time_ns="10711000000000" time="0.25843238830566406" />
    <testcase classname="present_test" name="run_test_198" ratio_time="41795073499477.16" sim_time_ns="10711000000000" time="0.2562742233276367" />
    <testcase classname="present_test" name="run_test_199" ratio_time="42351969199383.836" sim_time_ns="10711000000000" time="0.25290441513061523" />
    <testcase classname="present_test" name="run_test_200" ratio_time="41481672098118.86" sim_time_ns="10711000000000" time="0.2582104206085205" />
    <testcase classname="present_test" name="run_test_201" ratio_time="42574119540608.95" sim_time_ns="10711000000000" time="0.2515847682952881" />
    <testcase classname="present_test" name="run_test_202" ratio_time="42200157193393.79" sim_time_ns="10711000000000" time="0.2538142204284668" />
    <testcase classname="present_test" name="run_test_203" ratio_time="41651854224226.49" sim_time_ns="10711000000000" time="0.2571554183959961" />
    <testcase classname="present_test" name="run_test_204" ratio_time="41128043525507.516" sim_time_ns="10711000000000" time="0.26043057441711426" />
    <testcase classname="present_test" name="run_test_205" ratio_time="42811990302660.67" sim_time_ns="10711000000000" time="0.2501869201660156" />
    <testcase classname="present_test" name="run_test_206" ratio_time="43830180738607.375" sim_time_ns="10711000000000" time="0.24437499046325684" />
    <testcase classname="present_test" name="run_test_207" ratio_time="41572108582094.04" sim_time_ns="10711000000000" time="0.2576487064361572" />
    <testcase classname="present_test" name="run_test_208" ratio_time="41889187501456.91" sim_time_ns="10711000000000" time="0.25569844245910645" />
    <testcase classname="present_test" name="run_test_209" ratio_time="41592199256574.41" sim_time_ns="10711000000000" time="0.2575242519378662" />
    <testcase classname="present_test" name="run_test_210" ratio_time="41496615298215.54" sim_time_ns="10711000000000" time="0.2581174373626709" />
    <testcase classname="present_test" name="run_test_211" ratio_time="41380609864248.23" sim_time_ns="10711000000000" time="0.25884103775024414" />
    <testcase classname="present_test" name="run_test_212" ratio_time="42156043930306.055" sim_time_ns="10711000000000" time="0.25407981872558594" />
    <testcase classname="present_test" name="run_test_213" ratio_time="42205509328388.01" sim_time_ns="10711000000000" time="0.2537820339202881" />
    <testcase classname="present_test" name="run_test_214" ratio_time="41642163607359.39" sim_time_ns="10711000000000" time="0.2572152614593506" />
    <testcase classname="present_test" name="run_test_215" ratio_time="41610266641720.68" sim_time_ns="10711000000000" time="0.2574124336242676" />
    <testcase classname="present_test" name="run_test_216" ratio_time="41549923646500.2" sim_time_ns="10711000000000" time="0.25778627395629883" />
    <testcase classname="present_test" name="run_test_217" ratio_time="42351170691699.87" sim_time_ns="10711000000000" time="0.25290918350219727" />
    <testcase classname="present_test" name="run_test_218" ratio_time="41738536369278.336" sim_time_ns="10711000000000" time="0.2566213607788086" />
    <testcase classname="present_test" name="run_test_219" ratio_time="41747806350471.93" sim_time_ns="10711000000000" time="0.2565643787384033" />
    <testcase classname="present_test" name="run_test_220" ratio_time="41467275506766.266" sim_time_ns="10711000000000" time="0.2583000659942627" />
    <testcase classname="present_test" name="run_test_221" ratio_time="41582536374962.28" sim_time_ns="10711000000000" time="0.2575840950012207" />
    <testcase classname="present_test" name="run_test_222" ratio_time="40988790645562.734" sim_time_ns="10711000000000" time="0.26131534576416016" />
    <testcase classname="present_test" name="run_test_223" ratio_time="42259463205026.91" sim_time_ns="10711000000000" time="0.25345802307128906" />
    <testcase classname="present_test" name="run_test_224" ratio_time="42146868567997.6" sim_time_ns="10711000000000" time="0.2541351318359375" />
    <testcase classname="present_test" name="run_test_225" ratio_time="41541471152725.87" sim_time_ns="10711000000000" time="0.25783872604370117" />
    <testcase classname="present_test" name="run_test_226" ratio_time="41484544954558.805" sim_time_ns="10711000000000" time="0.2581925392150879" />
    <testcase classname="present_test" name="run_test_227" ratio_time="41025547730066.28" sim_time_ns="10711000000000" time="0.2610812187194824" />
    <testcase classname="present_test" name="run_test_228" ratio_time="41802695966115.07" sim_time_ns="10711000000000" time="0.2562274932861328" />
    <testcase classname="present_test" name="run_test_229" ratio_time="41183617326289.29" sim_time_ns="10711000000000" time="0.26007914543151855" />
    <testcase classname="present_test" name="run_test_230" ratio_time="41789786074409.23" sim_time_ns="10711000000000" time="0.25630664825439453" />
    <testcase classname="present_test" name="run_test_231" ratio_time="41869238187193.15" sim_time_ns="10711000000000" time="0.25582027435302734" />
    <testcase classname="present_test" name="run_test_232" ratio_time="42082358498024.45" sim_time_ns="10711000000000" time="0.25452470779418945" />
    <testcase classname="present_test" name="run_test_233" ratio_time="42080269372531.28" sim_time_ns="10711000000000" time="0.25453734397888184" />
    <testcase classname="present_test" name="run_test_234" ratio_time="42444079058553.21" sim_time_ns="10711000000000" time="0.25235557556152344" />
    <testcase classname="present_test" name="run_test_235" ratio_time="42547346585382.72" sim_time_ns="10711000000000" time="0.2517430782318115" />
    <testcase classname="present_test" name="run_test_236" ratio_time="41337698021227.75" sim_time_ns="10711000000000" time="0.2591097354888916" />
    <testcase classname="present_test" name="run_test_237" ratio_time="41133051829714.92" sim_time_ns="10711000000000" time="0.26039886474609375" />
    <testcase classname="present_test" name="run_test_238" ratio_time="41501062019922.27" sim_time_ns="10711000000000" time="0.2580897808074951" />
    <testcase classname="present_test" name="run_test_239" ratio_time="41513679028773.45" sim_time_ns="10711000000000" time="0.2580113410949707" />
    <testcase classname="present_test" name="run_test_240" ratio_time="41311165456379.55" sim_time_ns="10711000000000" time="0.2592761516571045" />
    <testcase classname="present_test" name="run_test_241" ratio_time="42070969369092.65" sim_time_ns="10711000000000" time="0.2545936107635498" />
    <testcase classname="present_test" name="run_test_242" ratio_time="41277383896880.94" sim_time_ns="10711000000000" time="0.2594883441925049" />
    <testcase classname="present_test" name="run_test_243" ratio_time="41949149669824.01" sim_time_ns="10711000000000" time="0.25533294677734375" />
    <testcase classname="present_test" name="run_test_244" ratio_time="42347697533616.44" sim_time_ns="10711000000000" time="0.2529299259185791" />
    <testcase classname="present_test" name="run_test_245" ratio_time="40900722639193.88" sim_time_ns="10711000000000" time="0.26187801361083984" />
    <testcase classname="present_test" name="run_test_246" ratio_time="41765892720912.05" sim_time_ns="10711000000000" time="0.256453275680542" />
    <testcase classname="present_test" name="run_test_247" ratio_time="40735170505775.89" sim_time_ns="10711000000000" time="0.2629423141479492" />
    <testcase classname="present_test" name="run_test_248" ratio_time="42107523126469.19" sim_time_ns="10711000000000" time="0.25437259674072266" />
    <testcase classname="present_test" name="run_test_249" ratio_time="42124026621709.555" sim_time_ns="10711000000000" time="0.2542729377746582" />
    <testcase classname="present_test" name="run_test_250" ratio_time="41604524982520.16" sim_time_ns="10711000000000" time="0.2574479579925537" />
    <testcase classname="present_test" name="run_test_251" ratio_time="41821258182921.734" sim_time_ns="10711000000000" time="0.25611376762390137" />
    <testcase classname="present_test" name="run_test_252" ratio_time="42866320757993.57" sim_time_ns="10711000000000" time="0.24986982345581055" />
    <testcase classname="present_test" name="run_test_253" ratio_time="42122999711211.375" sim_time_ns="10711000000000" time="0.25427913665771484" />
    <testcase classname="present_test" name="run_test_254" ratio_time="41896101971463.21" sim_time_ns="10711000000000" time="0.25565624237060547" />
    <testcase classname="present_test" name="run_test_255" ratio_time="41840927978959.016" sim_time_ns="10711000000000" time="0.2559933662414551" />
    <testcase classname="present_test" name="run_test_256" ratio_time="41617590519844.81" sim_time_ns="10711000000000" time="0.2573671340942383" />
    <testcase classname="present_test" name="run_test_257" ratio_time="42260258258235.66" sim_time_ns="10711000000000" time="0.25345325469970703" />
    <testcase classname="present_test" name="run_test_258" ratio_time="41173615036348.11" sim_time_ns="10711000000000" time="0.26014232635498047" />
    <testcase classname="present_test" name="run_test_259" ratio_time="41985570430321.07" sim_time_ns="10711000000000" time="0.2551114559173584" />
    <testcase classname="present_test" name="run_test_260" ratio_time="42876303122965.945" sim_time_ns="10711000000000" time="0.24981164932250977" />
    <testcase classname="present_test" name="run_test_261" ratio_time="42470360818339.18" sim_time_ns="10711000000000" time="0.2521994113922119" />
    <testcase classname="present_test" name="run_test_262" ratio_time="39332260673071.28" sim_time_ns="10711000000000" time="0.2723209857940674" />
    <testcase classname="present_test" name="run_test_263" ratio_time="39368037358510.08" sim_time_ns="10711000000000" time="0.27207350730895996" />
    <testcase classname="present_test" name="run_test_264" ratio_time="40793575975613.85" sim_time_ns="10711000000000" time="0.26256585121154785" />
    <testcase classname="present_test" name="run_test_265" ratio_time="41159770829229.586" sim_time_ns="10711000000000" time="0.26022982597351074" />
    <testcase classname="present_test" name="run_test_266" ratio_time="39809367894600.66" sim_time_ns="10711000000000" time="0.2690572738647461" />
    <testcase classname="present_test" name="run_test_267" ratio_time="42182881047126.32" sim_time_ns="10711000000000" time="0.2539181709289551" />
    <testcase classname="present_test" name="run_test_268" ratio_time="40682825756896.58" sim_time_ns="10711000000000" time="0.26328063011169434" />
    <testcase classname="present_test" name="run_test_269" ratio_time="42344424503768.805" sim_time_ns="10711000000000" time="0.25294947624206543" />
    <testcase classname="present_test" name="run_test_270" ratio_time="40152000614901.71" sim_time_ns="10711000000000" time="0.26676130294799805" />
    <testcase classname="present_test" name="run_test_271" ratio_time="41789630582159.414" sim_time_ns="10711000000000" time="0.25630760192871094" />
    <testcase classname="present_test" name="run_test_272" ratio_time="42057853896736.12" sim_time_ns="10711000000000" time="0.2546730041503906" />
    <testcase classname="present_test" name="run_test_273" ratio_time="41917719521491.55" sim_time_ns="10711000000000" time="0.2555243968963623" />
    <testcase classname="present_test" name="run_test_274" ratio_time="42198016719455.055" sim_time_ns="10711000000000" time="0.2538270950317383" />
    <testcase classname="present_test" name="run_test_275" ratio_time="41681339868717.09" sim_time_ns="10711000000000" time="0.2569735050201416" />
    <testcase classname="present_test" name="run_test_276" ratio_time="41488376048864.19" sim_time_ns="10711000000000" time="0.25816869735717773" />
    <testcase classname="present_test" name="run_test_277" ratio_time="41484238497579.75" sim_time_ns="10711000000000" time="0.2581944465637207" />
    <testcase classname="present_test" name="run_test_278" ratio_time="40502225601625.67" sim_time_ns="10711000000000" time="0.26445460319519043" />
    <testcase classname="present_test" name="run_test_279" ratio_time="40659224327553.125" sim_time_ns="10711000000000" time="0.26343345642089844" />
    <testcase classname="present_test" name="run_test_280" ratio_time="41105652878527.25" sim_time_ns="10711000000000" time="0.2605724334716797" />
    <testcase classname="present_test" name="run_test_281" ratio_time="41309076229060.5" sim_time_ns="10711000000000" time="0.2592892646789551" />
    <testcase classname="present_test" name="run_test_282" ratio_time="39684249985424.875" sim_time_ns="10711000000000" time="0.26990556716918945" />
    <testcase classname="present_test" name="run_test_283" ratio_time="41315382540657.66" sim_time_ns="10711000000000" time="0.2592496871948242" />
    <testcase classname="present_test" name="run_test_284" ratio_time="42288780689476.0" sim_time_ns="10711000000000" time="0.2532823085784912" />
    <testcase classname="present_test" name="run_test_285" ratio_time="41430754579727.47" sim_time_ns="10711000000000" time="0.2585277557373047" />
    <testcase classname="present_test" name="run_test_286" ratio_time="41655136929614.48" sim_time_ns="10711000000000" time="0.25713515281677246" />
    <testcase classname="present_test" name="run_test_287" ratio_time="42268806969972.1" sim_time_ns="10711000000000" time="0.2534019947052002" />
    <testcase classname="present_test" name="run_test_288" ratio_time="42081412453235.266" sim_time_ns="10711000000000" time="0.2545304298400879" />
    <testcase classname="present_test" name="run_test_289" ratio_time="42358038841945.08" sim_time_ns="10711000000000" time="0.2528681755065918" />
    <testcase classname="present_test" name="run_test_290" ratio_time="43408119766288.0" sim_time_ns="10711000000000" time="0.246751070022583" />
    <testcase classname="present_test" name="run_test_291" ratio_time="42855361876107.75" sim_time_ns="10711000000000" time="0.24993371963500977" />
    <testcase classname="present_test" name="run_test_292" ratio_time="41785238404122.234" sim_time_ns="10711000000000" time="0.2563345432281494" />
    <testcase classname="present_test" name="run_test_293" ratio_time="41912479224839.33" sim_time_ns="10711000000000" time="0.2555563449859619" />
    <testcase classname="present_test" name="run_test_294" ratio_time="42030074548921.21" sim_time_ns="10711000000000" time="0.25484132766723633" />
    <testcase classname="present_test" name="run_test_295" ratio_time="41737179186219.03" sim_time_ns="10711000000000" time="0.25662970542907715" />
    <testcase classname="present_test" name="run_test_296" ratio_time="42267733220933.47" sim_time_ns="10711000000000" time="0.25340843200683594" />
    <testcase classname="present_test" name="run_test_297" ratio_time="41738652703361.84" sim_time_ns="10711000000000" time="0.2566206455230713" />
    <testcase classname="present_test" name="run_test_298" ratio_time="42707679311128.29" sim_time_ns="10711000000000" time="0.25079798698425293" />
    <testcase classname="present_test" name="run_test_299" ratio_time="41672679204748.58" sim_time_ns="10711000000000" time="0.25702691078186035" />
    <testcase classname="present_test" name="run_test_300" ratio_time="41851140194438.13" sim_time_ns="10711000000000" time="0.25593090057373047" />
    <testcase classname="present_test" name="run_test_301" ratio_time="42166845918257.2" sim_time_ns="10711000000000" time="0.2540147304534912" />
    <testcase classname="present_test" name="run_test_302" ratio_time="41283984036008.12" sim_time_ns="10711000000000" time="0.2594468593597412" />
    <testcase classname="present_test" name="run_test_303" ratio_time="41167201030710.555" sim_time_ns="10711000000000" time="0.26018285751342773" />
    <testcase classname="present_test" name="run_test_304" ratio_time="41765892720912.05" sim_time_ns="10711000000000" time="0.256453275680542" />
    <testcase classname="present_test" name="run_test_305" ratio_time="42100893785306.5" sim_time_ns="10711000000000" time="0.2544126510620117" />
    <testcase classname="present_test" name="run_test_306" ratio_time="42342429002155.52" sim_time_ns="10711000000000" time="0.2529613971710205" />
    <testcase classname="present_test" name="run_test_307" ratio_time="40189428631749.2" sim_time_ns="10711000000000" time="0.2665128707885742" />
    <testcase classname="present_test" name="run_test_308" ratio_time="41458665303327.57" sim_time_ns="10711000000000" time="0.25835371017456055" />
    <testcase classname="present_test" name="run_test_309" ratio_time="42013133800860.93" sim_time_ns="10711000000000" time="0.2549440860748291" />
    <testcase classname="present_test" name="run_test_310" ratio_time="42046005804523.63" sim_time_ns="10711000000000" time="0.2547447681427002" />
    <testcase classname="present_test" name="run_test_311" ratio_time="42631285911665.125" sim_time_ns="10711000000000" time="0.2512474060058594" />
    <testcase classname="present_test" name="run_test_312" ratio_time="42243369811515.914" sim_time_ns="10711000000000" time="0.2535545825958252" />
    <testcase classname="present_test" name="run_test_313" ratio_time="41399371288816.64" sim_time_ns="10711000000000" time="0.25872373580932617" />
    <testcase classname="present_test" name="run_test_314" ratio_time="42429808260578.836" sim_time_ns="10711000000000" time="0.2524404525756836" />
    <testcase classname="present_test" name="run_test_315" ratio_time="42184980373855.47" sim_time_ns="10711000000000" time="0.2539055347442627" />
    <testcase classname="present_test" name="run_test_316" ratio_time="41881103982160.63" sim_time_ns="10711000000000" time="0.25574779510498047" />
    <testcase classname="present_test" name="run_test_317" ratio_time="41248504679401.55" sim_time_ns="10711000000000" time="0.2596700191497803" />
    <testcase classname="present_test" name="run_test_318" ratio_time="41873140667059.375" sim_time_ns="10711000000000" time="0.2557964324951172" />
    <testcase classname="present_test" name="run_test_319" ratio_time="41688456678986.79" sim_time_ns="10711000000000" time="0.2569296360015869" />
    <testcase classname="present_test" name="run_test_320" ratio_time="41012364496816.7" sim_time_ns="10711000000000" time="0.26116514205932617" />
    <testcase classname="present_test" name="run_test_321" ratio_time="40413397980103.29" sim_time_ns="10711000000000" time="0.26503586769104004" />
    <testcase classname="present_test" name="run_test_322" ratio_time="41217926207150.28" sim_time_ns="10711000000000" time="0.25986266136169434" />
    <testcase classname="present_test" name="run_test_323" ratio_time="41362208170025.805" sim_time_ns="10711000000000" time="0.2589561939239502" />
    <testcase classname="present_test" name="run_test_324" ratio_time="41419562622333.555" sim_time_ns="10711000000000" time="0.25859761238098145" />
    <testcase classname="present_test" name="run_test_325" ratio_time="41238584413212.08" sim_time_ns="10711000000000" time="0.2597324848175049" />
    <testcase classname="present_test" name="run_test_326" ratio_time="40763372138750.04" sim_time_ns="10711000000000" time="0.2627604007720947" />
    <testcase classname="present_test" name="run_test_327" ratio_time="40498136367037.31" sim_time_ns="10711000000000" time="0.2644813060760498" />
    <testcase classname="present_test" name="run_test_328" ratio_time="41441302707948.21" sim_time_ns="10711000000000" time="0.25846195220947266" />
    <testcase classname="present_test" name="run_test_329" ratio_time="42176861495246.734" sim_time_ns="10711000000000" time="0.2539544105529785" />
    <testcase classname="present_test" name="run_test_330" ratio_time="43008597991696.05" sim_time_ns="10711000000000" time="0.24904322624206543" />
    <testcase classname="present_test" name="run_test_331" ratio_time="42491610620540.41" sim_time_ns="10711000000000" time="0.2520732879638672" />
    <testcase classname="present_test" name="run_test_332" ratio_time="42388253190545.83" sim_time_ns="10711000000000" time="0.252687931060791" />
    <testcase classname="present_test" name="run_test_333" ratio_time="41670785164242.95" sim_time_ns="10711000000000" time="0.25703859329223633" />
    <testcase classname="present_test" name="run_test_334" ratio_time="41300873307751.57" sim_time_ns="10711000000000" time="0.259340763092041" />
    <testcase classname="present_test" name="run_test_335" ratio_time="41010829500651.336" sim_time_ns="10711000000000" time="0.26117491722106934" />
    <testcase classname="present_test" name="run_test_336" ratio_time="41499145212677.02" sim_time_ns="10711000000000" time="0.2581017017364502" />
    <testcase classname="present_test" name="run_test_337" ratio_time="41492246172431.53" sim_time_ns="10711000000000" time="0.2581446170806885" />
    <testcase classname="present_test" name="run_test_338" ratio_time="41496845277692.85" sim_time_ns="10711000000000" time="0.2581160068511963" />
    <testcase classname="present_test" name="run_test_339" ratio_time="41770436180994.23" sim_time_ns="10711000000000" time="0.2564253807067871" />
    <testcase classname="present_test" name="run_test_340" ratio_time="41869706446369.73" sim_time_ns="10711000000000" time="0.2558174133300781" />
    <testcase classname="present_test" name="run_test_341" ratio_time="41272605803037.02" sim_time_ns="10711000000000" time="0.2595183849334717" />
    <testcase classname="present_test" name="run_test_342" ratio_time="40910443746898.15" sim_time_ns="10711000000000" time="0.26181578636169434" />
    <testcase classname="present_test" name="run_test_343" ratio_time="41693679797606.695" sim_time_ns="10711000000000" time="0.2568974494934082" />
    <testcase classname="present_test" name="run_test_344" ratio_time="40484779088765.15" sim_time_ns="10711000000000" time="0.264568567276001" />
    <testcase classname="present_test" name="run_test_345" ratio_time="41047138584786.54" sim_time_ns="10711000000000" time="0.2609438896179199" />
    <testcase classname="present_test" name="run_test_346" ratio_time="42177336660564.24" sim_time_ns="10711000000000" time="0.2539515495300293" />
    <testcase classname="present_test" name="run_test_347" ratio_time="41806119202537.11" sim_time_ns="10711000000000" time="0.2562065124511719" />
    <testcase classname="present_test" name="run_test_348" ratio_time="41591852701121.33" sim_time_ns="10711000000000" time="0.2575263977050781" />
    <testcase classname="present_test" name="run_test_349" ratio_time="42088232811350.89" sim_time_ns="10711000000000" time="0.2544891834259033" />
    <testcase classname="present_test" name="run_test_350" ratio_time="41321804800023.55" sim_time_ns="10711000000000" time="0.25920939445495605" />
    <testcase classname="present_test" name="run_test_351" ratio_time="41592853877076.39" sim_time_ns="10711000000000" time="0.2575201988220215" />
    <testcase classname="present_test" name="run_test_352" ratio_time="41535940473262.71" sim_time_ns="10711000000000" time="0.2578730583190918" />
    <testcase classname="present_test" name="run_test_353" ratio_time="41559609821440.13" sim_time_ns="10711000000000" time="0.25772619247436523" />
    <testcase classname="present_test" name="run_test_354" ratio_time="42811011168456.92" sim_time_ns="10711000000000" time="0.25019264221191406" />
    <testcase classname="present_test" name="run_test_355" ratio_time="42506767601322.74" sim_time_ns="10711000000000" time="0.2519834041595459" />
    <testcase classname="present_test" name="run_test_356" ratio_time="42178762220757.59" sim_time_ns="10711000000000" time="0.25394296646118164" />
    <testcase classname="present_test" name="run_test_357" ratio_time="41157131301915.71" sim_time_ns="10711000000000" time="0.26024651527404785" />
    <testcase classname="present_test" name="run_test_358" ratio_time="41294875085484.85" sim_time_ns="10711000000000" time="0.25937843322753906" />
    <testcase classname="present_test" name="run_test_359" ratio_time="41270596300406.414" sim_time_ns="10711000000000" time="0.25953102111816406" />
    <testcase classname="present_test" name="run_test_360" ratio_time="41822153633042.76" sim_time_ns="10711000000000" time="0.25610828399658203" />
    <testcase classname="present_test" name="run_test_361" ratio_time="42076840502990.555" sim_time_ns="10711000000000" time="0.25455808639526367" />
    <testcase classname="present_test" name="run_test_362" ratio_time="42023587498023.94" sim_time_ns="10711000000000" time="0.2548806667327881" />
    <testcase classname="present_test" name="run_test_363" ratio_time="41386442387644.46" sim_time_ns="10711000000000" time="0.2588045597076416" />
    <testcase classname="present_test" name="run_test_364" ratio_time="40692001253589.125" sim_time_ns="10711000000000" time="0.26322126388549805" />
    <testcase classname="present_test" name="run_test_365" ratio_time="40994064343755.56" sim_time_ns="10711000000000" time="0.26128172874450684" />
    <testcase classname="present_test" name="run_test_366" ratio_time="42069590481309.664" sim_time_ns="10711000000000" time="0.25460195541381836" />
    <testcase classname="present_test" name="run_test_367" ratio_time="41488989089619.53" sim_time_ns="10711000000000" time="0.2581648826599121" />
    <testcase classname="present_test" name="run_test_368" ratio_time="41424222019981.28" sim_time_ns="10711000000000" time="0.25856852531433105" />
    <testcase classname="present_test" name="run_test_369" ratio_time="43140468943795.195" sim_time_ns="10711000000000" time="0.24828195571899414" />
    <testcase classname="present_test" name="run_test_370" ratio_time="42818682251933.86" sim_time_ns="10711000000000" time="0.25014781951904297" />
    <testcase classname="present_test" name="run_test_371" ratio_time="41007872149086.375" sim_time_ns="10711000000000" time="0.26119375228881836" />
    <testcase classname="present_test" name="run_test_372" ratio_time="41629005489353.02" sim_time_ns="10711000000000" time="0.2572965621948242" />
    <testcase classname="present_test" name="run_test_373" ratio_time="42467309662654.55" sim_time_ns="10711000000000" time="0.25221753120422363" />
    <testcase classname="present_test" name="run_test_374" ratio_time="42567866815491.7" sim_time_ns="10711000000000" time="0.25162172317504883" />
    <testcase classname="present_test" name="run_test_375" ratio_time="41665220000704.85" sim_time_ns="10711000000000" time="0.25707292556762695" />
    <testcase classname="present_test" name="run_test_376" ratio_time="41171539698177.46" sim_time_ns="10711000000000" time="0.26015543937683105" />
    <testcase classname="present_test" name="run_test_377" ratio_time="42040930093972.9" sim_time_ns="10711000000000" time="0.2547755241394043" />
    <testcase classname="present_test" name="run_test_378" ratio_time="41171426503930.625" sim_time_ns="10711000000000" time="0.26015615463256836" />
    <testcase classname="present_test" name="run_test_379" ratio_time="41310557659363.37" sim_time_ns="10711000000000" time="0.2592799663543701" />
    <testcase classname="present_test" name="run_test_380" ratio_time="42267335549948.16" sim_time_ns="10711000000000" time="0.25341081619262695" />
    <testcase classname="present_test" name="run_test_381" ratio_time="42346979020306.67" sim_time_ns="10711000000000" time="0.25293421745300293" />
    <testcase classname="present_test" name="run_test_382" ratio_time="41018580533946.9" sim_time_ns="10711000000000" time="0.2611255645751953" />
    <testcase classname="present_test" name="run_test_383" ratio_time="41210175264276.05" sim_time_ns="10711000000000" time="0.25991153717041016" />
    <testcase classname="present_test" name="run_test_384" ratio_time="40702803425091.305" sim_time_ns="10711000000000" time="0.2631514072418213" />
    <testcase classname="present_test" name="run_test_385" ratio_time="39838138699096.3" sim_time_ns="10711000000000" time="0.2688629627227783" />
    <testcase classname="present_test" name="run_test_386" ratio_time="38491854107708.195" sim_time_ns="10711000000000" time="0.27826666831970215" />
    <testcase classname="present_test" name="run_test_387" ratio_time="40909326143156.99" sim_time_ns="10711000000000" time="0.2618229389190674" />
    <testcase classname="present_test" name="run_test_388" ratio_time="41739854860198.79" sim_time_ns="10711000000000" time="0.25661325454711914" />
    <testcase classname="present_test" name="run_test_389" ratio_time="41534942035309.87" sim_time_ns="10711000000000" time="0.25787925720214844" />
    <testcase classname="present_test" name="run_test_390" ratio_time="41399714644056.12" sim_time_ns="10711000000000" time="0.25872159004211426" />
    <testcase classname="present_test" name="run_test_391" ratio_time="41574455341311.65" sim_time_ns="10711000000000" time="0.25763416290283203" />
    <testcase classname="present_test" name="run_test_392" ratio_time="41308126650134.29" sim_time_ns="10711000000000" time="0.2592952251434326" />
    <testcase classname="present_test" name="run_test_393" ratio_time="40389018678212.586" sim_time_ns="10711000000000" time="0.2651958465576172" />
    <testcase classname="present_test" name="run_test_394" ratio_time="38851463199150.414" sim_time_ns="10711000000000" time="0.27569103240966797" />
    <testcase classname="present_test" name="run_test_395" ratio_time="39997747621290.375" sim_time_ns="10711000000000" time="0.2677900791168213" />
    <testcase classname="present_test" name="run_test_396" ratio_time="40960276353278.95" sim_time_ns="10711000000000" time="0.26149725914001465" />
    <testcase classname="present_test" name="run_test_397" ratio_time="41919323157657.05" sim_time_ns="10711000000000" time="0.25551462173461914" />
    <testcase classname="present_test" name="run_test_398" ratio_time="42134258964453.56" sim_time_ns="10711000000000" time="0.2542111873626709" />
    <testcase classname="present_test" name="run_test_399" ratio_time="41516633053661.35" sim_time_ns="10711000000000" time="0.2579929828643799" />
    <testcase classname="present_test" name="run_test_400" ratio_time="41351548013155.125" sim_time_ns="10711000000000" time="0.25902295112609863" />
  </testsuite>
</testsuites>
