<?xml version='1.0' encoding='UTF-8'?>
<testsuites name="results">
  <testsuite name="all" package="all" tests="0">
    <property name="random_seed" value="1583189301" />
    <testcase classname="present_test" name="run_test_001" ratio_time="33.68853442498039" sim_time_ns="10.752" time="0.31915903091430664" />
    <testcase classname="present_test" name="run_test_002" ratio_time="33.6599114536666" sim_time_ns="10.711999999999998" time="0.31824207305908203" />
    <testcase classname="present_test" name="run_test_003" ratio_time="34.35039136740591" sim_time_ns="10.712000000000003" time="0.311845064163208" />
    <testcase classname="present_test" name="run_test_004" ratio_time="34.64725667391031" sim_time_ns="10.711999999999996" time="0.3091731071472168" />
    <testcase classname="present_test" name="run_test_005" ratio_time="34.18815112693848" sim_time_ns="10.712000000000003" time="0.3133249282836914" />
    <testcase classname="present_test" name="run_test_006" ratio_time="32.47565336951264" sim_time_ns="10.711999999999996" time="0.3298470973968506" />
    <testcase classname="present_test" name="run_test_007" ratio_time="33.97170808882518" sim_time_ns="10.712000000000003" time="0.3153212070465088" />
    <testcase classname="present_test" name="run_test_008" ratio_time="32.97581601987531" sim_time_ns="10.712000000000003" time="0.3248441219329834" />
    <testcase classname="present_test" name="run_test_009" ratio_time="33.43206415353509" sim_time_ns="10.711999999999989" time="0.32041096687316895" />
    <testcase classname="present_test" name="run_test_010" ratio_time="33.85018503564754" sim_time_ns="10.712000000000003" time="0.316453218460083" />
    <testcase classname="present_test" name="run_test_011" ratio_time="34.76645447567167" sim_time_ns="10.712000000000003" time="0.30811309814453125" />
    <testcase classname="present_test" name="run_test_012" ratio_time="33.50191480867558" sim_time_ns="10.712000000000003" time="0.31974291801452637" />
    <testcase classname="present_test" name="run_test_013" ratio_time="33.15422901008953" sim_time_ns="10.711999999999989" time="0.32309603691101074" />
    <testcase classname="present_test" name="run_test_014" ratio_time="33.04226456089521" sim_time_ns="10.712000000000018" time="0.3241908550262451" />
    <testcase classname="present_test" name="run_test_015" ratio_time="34.96265135230195" sim_time_ns="10.711999999999989" time="0.3063840866088867" />
    <testcase classname="present_test" name="run_test_016" ratio_time="34.84086389776354" sim_time_ns="10.711999999999989" time="0.30745506286621094" />
    <testcase classname="present_test" name="run_test_017" ratio_time="34.418255674532034" sim_time_ns="10.712000000000018" time="0.3112301826477051" />
    <testcase classname="present_test" name="run_test_018" ratio_time="33.91849217138695" sim_time_ns="10.711999999999989" time="0.31581592559814453" />
    <testcase classname="present_test" name="run_test_019" ratio_time="34.40589437636266" sim_time_ns="10.712000000000018" time="0.3113420009613037" />
    <testcase classname="present_test" name="run_test_020" ratio_time="34.07026962214314" sim_time_ns="10.711999999999989" time="0.3144090175628662" />
    <testcase classname="present_test" name="run_test_021" ratio_time="33.87987106017621" sim_time_ns="10.711999999999989" time="0.3161759376525879" />
    <testcase classname="present_test" name="run_test_022" ratio_time="31.909915538772232" sim_time_ns="10.712000000000018" time="0.3356950283050537" />
    <testcase classname="present_test" name="run_test_023" ratio_time="34.48540927749273" sim_time_ns="10.711999999999989" time="0.3106241226196289" />
    <testcase classname="present_test" name="run_test_024" ratio_time="33.43706515442432" sim_time_ns="10.711999999999989" time="0.32036304473876953" />
    <testcase classname="present_test" name="run_test_025" ratio_time="34.29980597632491" sim_time_ns="10.711999999999989" time="0.3123049736022949" />
    <testcase classname="present_test" name="run_test_026" ratio_time="34.14260790480989" sim_time_ns="10.712000000000046" time="0.31374287605285645" />
    <testcase classname="present_test" name="run_test_027" ratio_time="33.99597342935766" sim_time_ns="10.711999999999989" time="0.3150961399078369" />
    <testcase classname="present_test" name="run_test_028" ratio_time="35.624624420289074" sim_time_ns="10.711999999999989" time="0.3006908893585205" />
    <testcase classname="present_test" name="run_test_029" ratio_time="34.027616631575725" sim_time_ns="10.711999999999989" time="0.3148031234741211" />
    <testcase classname="present_test" name="run_test_030" ratio_time="34.37609512507696" sim_time_ns="10.711999999999989" time="0.3116118907928467" />
    <testcase classname="present_test" name="run_test_031" ratio_time="32.17987777352031" sim_time_ns="10.712000000000046" time="0.33287882804870605" />
    <testcase classname="present_test" name="run_test_032" ratio_time="34.11204548132577" sim_time_ns="10.711999999999989" time="0.3140239715576172" />
    <testcase classname="present_test" name="run_test_033" ratio_time="34.255166324720214" sim_time_ns="10.711999999999989" time="0.3127119541168213" />
    <testcase classname="present_test" name="run_test_034" ratio_time="33.036943682746845" sim_time_ns="10.711999999999989" time="0.32424306869506836" />
    <testcase classname="present_test" name="run_test_035" ratio_time="31.055024373655158" sim_time_ns="10.711999999999989" time="0.3449361324310303" />
    <testcase classname="present_test" name="run_test_036" ratio_time="32.21587329157822" sim_time_ns="10.712000000000046" time="0.3325068950653076" />
    <testcase classname="present_test" name="run_test_037" ratio_time="32.54186713639231" sim_time_ns="10.711999999999989" time="0.3291759490966797" />
    <testcase classname="present_test" name="run_test_038" ratio_time="33.85865415695465" sim_time_ns="10.711999999999989" time="0.3163740634918213" />
    <testcase classname="present_test" name="run_test_039" ratio_time="32.66869321110093" sim_time_ns="10.711999999999989" time="0.3278980255126953" />
    <testcase classname="present_test" name="run_test_040" ratio_time="33.519210544260034" sim_time_ns="10.711999999999989" time="0.3195779323577881" />
    <testcase classname="present_test" name="run_test_041" ratio_time="34.73063058486332" sim_time_ns="10.712000000000046" time="0.30843091011047363" />
    <testcase classname="present_test" name="run_test_042" ratio_time="33.69052764153324" sim_time_ns="10.711999999999989" time="0.31795287132263184" />
    <testcase classname="present_test" name="run_test_043" ratio_time="34.19262626102729" sim_time_ns="10.711999999999989" time="0.31328392028808594" />
    <testcase classname="present_test" name="run_test_044" ratio_time="33.32170267704572" sim_time_ns="10.711999999999989" time="0.32147216796875" />
    <testcase classname="present_test" name="run_test_045" ratio_time="33.683329221007014" sim_time_ns="10.711999999999989" time="0.3180208206176758" />
    <testcase classname="present_test" name="run_test_046" ratio_time="32.055347742860185" sim_time_ns="10.711999999999989" time="0.33417201042175293" />
    <testcase classname="present_test" name="run_test_047" ratio_time="29.210774553185527" sim_time_ns="10.712000000000046" time="0.3667140007019043" />
    <testcase classname="present_test" name="run_test_048" ratio_time="30.773487758586764" sim_time_ns="10.711999999999989" time="0.34809184074401855" />
    <testcase classname="present_test" name="run_test_049" ratio_time="31.259573121825614" sim_time_ns="10.711999999999989" time="0.3426790237426758" />
    <testcase classname="present_test" name="run_test_050" ratio_time="34.99451237403591" sim_time_ns="10.711999999999989" time="0.3061051368713379" />
    <testcase classname="present_test" name="run_test_051" ratio_time="34.94772117045742" sim_time_ns="10.711999999999989" time="0.3065149784088135" />
    <testcase classname="present_test" name="run_test_052" ratio_time="33.450956375424155" sim_time_ns="10.711999999999989" time="0.32023000717163086" />
    <testcase classname="present_test" name="run_test_053" ratio_time="34.32661418511562" sim_time_ns="10.711999999999989" time="0.312061071395874" />
    <testcase classname="present_test" name="run_test_054" ratio_time="34.3705726706985" sim_time_ns="10.712000000000103" time="0.311661958694458" />
    <testcase classname="present_test" name="run_test_055" ratio_time="34.25626326981386" sim_time_ns="10.711999999999989" time="0.312701940536499" />
    <testcase classname="present_test" name="run_test_056" ratio_time="35.17530699389881" sim_time_ns="10.711999999999989" time="0.3045318126678467" />
    <testcase classname="present_test" name="run_test_057" ratio_time="33.16840037088874" sim_time_ns="10.711999999999989" time="0.32295799255371094" />
    <testcase classname="present_test" name="run_test_058" ratio_time="31.249267581692223" sim_time_ns="10.711999999999989" time="0.3427920341491699" />
    <testcase classname="present_test" name="run_test_059" ratio_time="33.662029824981985" sim_time_ns="10.711999999999989" time="0.3182220458984375" />
    <testcase classname="present_test" name="run_test_060" ratio_time="34.95683005597212" sim_time_ns="10.711999999999989" time="0.30643510818481445" />
    <testcase classname="present_test" name="run_test_061" ratio_time="33.96138526858431" sim_time_ns="10.711999999999989" time="0.3154170513153076" />
    <testcase classname="present_test" name="run_test_062" ratio_time="34.35569717328183" sim_time_ns="10.711999999999989" time="0.3117969036102295" />
    <testcase classname="present_test" name="run_test_063" ratio_time="34.41242973464609" sim_time_ns="10.711999999999989" time="0.3112828731536865" />
    <testcase classname="present_test" name="run_test_064" ratio_time="33.92266647136765" sim_time_ns="10.711999999999989" time="0.315777063369751" />
    <testcase classname="present_test" name="run_test_065" ratio_time="34.05273619189274" sim_time_ns="10.712000000000103" time="0.31457090377807617" />
    <testcase classname="present_test" name="run_test_066" ratio_time="34.77458088664396" sim_time_ns="10.711999999999989" time="0.3080410957336426" />
    <testcase classname="present_test" name="run_test_067" ratio_time="33.91590615741028" sim_time_ns="10.711999999999989" time="0.3158400058746338" />
    <testcase classname="present_test" name="run_test_068" ratio_time="33.02086998139102" sim_time_ns="10.711999999999989" time="0.3244009017944336" />
    <testcase classname="present_test" name="run_test_069" ratio_time="34.32333625260118" sim_time_ns="10.711999999999989" time="0.3120908737182617" />
    <testcase classname="present_test" name="run_test_070" ratio_time="34.07200070374468" sim_time_ns="10.711999999999989" time="0.3143930435180664" />
    <testcase classname="present_test" name="run_test_071" ratio_time="33.664476371229895" sim_time_ns="10.711999999999989" time="0.31819891929626465" />
    <testcase classname="present_test" name="run_test_072" ratio_time="34.38038282503027" sim_time_ns="10.711999999999989" time="0.3115730285644531" />
    <testcase classname="present_test" name="run_test_073" ratio_time="34.42115619895743" sim_time_ns="10.711999999999989" time="0.3112039566040039" />
    <testcase classname="present_test" name="run_test_074" ratio_time="32.59493828278252" sim_time_ns="10.711999999999989" time="0.3286399841308594" />
    <testcase classname="present_test" name="run_test_075" ratio_time="35.11888797366824" sim_time_ns="10.712000000000103" time="0.3050210475921631" />
    <testcase classname="present_test" name="run_test_076" ratio_time="34.74053993399745" sim_time_ns="10.711999999999989" time="0.30834293365478516" />
    <testcase classname="present_test" name="run_test_077" ratio_time="33.525188221178205" sim_time_ns="10.711999999999989" time="0.3195209503173828" />
    <testcase classname="present_test" name="run_test_078" ratio_time="33.667528747053176" sim_time_ns="10.711999999999989" time="0.31817007064819336" />
    <testcase classname="present_test" name="run_test_079" ratio_time="34.58830990564872" sim_time_ns="10.711999999999989" time="0.30970001220703125" />
    <testcase classname="present_test" name="run_test_080" ratio_time="34.474877765586" sim_time_ns="10.711999999999989" time="0.31071901321411133" />
    <testcase classname="present_test" name="run_test_081" ratio_time="33.02667122023935" sim_time_ns="10.711999999999989" time="0.3243439197540283" />
    <testcase classname="present_test" name="run_test_082" ratio_time="34.10878250399696" sim_time_ns="10.711999999999989" time="0.314054012298584" />
    <testcase classname="present_test" name="run_test_083" ratio_time="33.83504301770844" sim_time_ns="10.711999999999989" time="0.31659483909606934" />
    <testcase classname="present_test" name="run_test_084" ratio_time="33.366963986504466" sim_time_ns="10.711999999999989" time="0.32103610038757324" />
    <testcase classname="present_test" name="run_test_085" ratio_time="34.83678471223394" sim_time_ns="10.711999999999989" time="0.3074910640716553" />
    <testcase classname="present_test" name="run_test_086" ratio_time="33.81271162246076" sim_time_ns="10.712000000000103" time="0.3168039321899414" />
    <testcase classname="present_test" name="run_test_087" ratio_time="33.782431878180034" sim_time_ns="10.711999999999989" time="0.31708788871765137" />
    <testcase classname="present_test" name="run_test_088" ratio_time="33.74602068502428" sim_time_ns="10.711999999999989" time="0.3174300193786621" />
    <testcase classname="present_test" name="run_test_089" ratio_time="35.1076094211267" sim_time_ns="10.711999999999989" time="0.30511903762817383" />
    <testcase classname="present_test" name="run_test_090" ratio_time="33.518135288895486" sim_time_ns="10.711999999999989" time="0.31958818435668945" />
    <testcase classname="present_test" name="run_test_091" ratio_time="34.02406059440307" sim_time_ns="10.711999999999989" time="0.3148360252380371" />
    <testcase classname="present_test" name="run_test_092" ratio_time="34.308711193513524" sim_time_ns="10.711999999999989" time="0.3122239112854004" />
    <testcase classname="present_test" name="run_test_093" ratio_time="33.62695975187705" sim_time_ns="10.711999999999989" time="0.3185539245605469" />
    <testcase classname="present_test" name="run_test_094" ratio_time="34.46744607377957" sim_time_ns="10.711999999999989" time="0.31078600883483887" />
    <testcase classname="present_test" name="run_test_095" ratio_time="34.18685043561626" sim_time_ns="10.711999999999989" time="0.3133368492126465" />
    <testcase classname="present_test" name="run_test_096" ratio_time="33.95548199836034" sim_time_ns="10.712000000000103" time="0.315471887588501" />
    <testcase classname="present_test" name="run_test_097" ratio_time="34.573351797331014" sim_time_ns="10.711999999999989" time="0.30983400344848633" />
    <testcase classname="present_test" name="run_test_098" ratio_time="34.39198865270807" sim_time_ns="10.711999999999989" time="0.31146788597106934" />
    <testcase classname="present_test" name="run_test_099" ratio_time="34.11170879605197" sim_time_ns="10.711999999999989" time="0.3140270709991455" />
    <testcase classname="present_test" name="run_test_100" ratio_time="33.542608167994516" sim_time_ns="10.711999999999989" time="0.3193550109863281" />
    <testcase classname="present_test" name="run_test_101" ratio_time="34.59446192131631" sim_time_ns="10.711999999999989" time="0.3096449375152588" />
    <testcase classname="present_test" name="run_test_102" ratio_time="34.47321130687713" sim_time_ns="10.711999999999989" time="0.3107340335845947" />
    <testcase classname="present_test" name="run_test_103" ratio_time="34.03034858521788" sim_time_ns="10.711999999999989" time="0.31477785110473633" />
    <testcase classname="present_test" name="run_test_104" ratio_time="34.07784117217847" sim_time_ns="10.711999999999989" time="0.31433916091918945" />
    <testcase classname="present_test" name="run_test_105" ratio_time="34.554845087884146" sim_time_ns="10.711999999999989" time="0.309999942779541" />
    <testcase classname="present_test" name="run_test_106" ratio_time="32.98102038347473" sim_time_ns="10.711999999999989" time="0.32479286193847656" />
    <testcase classname="present_test" name="run_test_107" ratio_time="33.69793133118024" sim_time_ns="10.711999999999989" time="0.3178830146789551" />
    <testcase classname="present_test" name="run_test_108" ratio_time="33.76537100557249" sim_time_ns="10.711999999999989" time="0.3172481060028076" />
    <testcase classname="present_test" name="run_test_109" ratio_time="34.18825518651988" sim_time_ns="10.711999999999989" time="0.313323974609375" />
    <testcase classname="present_test" name="run_test_110" ratio_time="34.77786481883987" sim_time_ns="10.711999999999989" time="0.3080120086669922" />
    <testcase classname="present_test" name="run_test_111" ratio_time="34.027410464196855" sim_time_ns="10.711999999999989" time="0.3148050308227539" />
    <testcase classname="present_test" name="run_test_112" ratio_time="34.82004574640221" sim_time_ns="10.712000000000216" time="0.30763888359069824" />
    <testcase classname="present_test" name="run_test_113" ratio_time="33.811006787127674" sim_time_ns="10.711999999999989" time="0.3168199062347412" />
    <testcase classname="present_test" name="run_test_114" ratio_time="33.72968023404646" sim_time_ns="10.711999999999989" time="0.3175837993621826" />
    <testcase classname="present_test" name="run_test_115" ratio_time="34.29991071671226" sim_time_ns="10.711999999999989" time="0.3123040199279785" />
    <testcase classname="present_test" name="run_test_116" ratio_time="34.320583273050566" sim_time_ns="10.711999999999989" time="0.3121159076690674" />
    <testcase classname="present_test" name="run_test_117" ratio_time="34.37167701962185" sim_time_ns="10.711999999999989" time="0.31165194511413574" />
    <testcase classname="present_test" name="run_test_118" ratio_time="34.725127833193405" sim_time_ns="10.711999999999989" time="0.30847978591918945" />
    <testcase classname="present_test" name="run_test_119" ratio_time="33.90528459397617" sim_time_ns="10.711999999999989" time="0.31593894958496094" />
    <testcase classname="present_test" name="run_test_120" ratio_time="33.566790796013734" sim_time_ns="10.711999999999989" time="0.3191249370574951" />
    <testcase classname="present_test" name="run_test_121" ratio_time="33.912347832387795" sim_time_ns="10.711999999999989" time="0.3158731460571289" />
    <testcase classname="present_test" name="run_test_122" ratio_time="33.140900878360206" sim_time_ns="10.711999999999989" time="0.3232259750366211" />
    <testcase classname="present_test" name="run_test_123" ratio_time="32.090308671144435" sim_time_ns="10.711999999999989" time="0.33380794525146484" />
    <testcase classname="present_test" name="run_test_124" ratio_time="33.617021420763194" sim_time_ns="10.711999999999989" time="0.318648099899292" />
    <testcase classname="present_test" name="run_test_125" ratio_time="33.03327594743127" sim_time_ns="10.711999999999989" time="0.3242790699005127" />
    <testcase classname="present_test" name="run_test_126" ratio_time="34.592224571517846" sim_time_ns="10.711999999999989" time="0.3096649646759033" />
    <testcase classname="present_test" name="run_test_127" ratio_time="33.79521343101707" sim_time_ns="10.711999999999989" time="0.3169679641723633" />
    <testcase classname="present_test" name="run_test_128" ratio_time="32.037884406756184" sim_time_ns="10.711999999999989" time="0.3343541622161865" />
    <testcase classname="present_test" name="run_test_129" ratio_time="34.633368777586405" sim_time_ns="10.711999999999989" time="0.3092970848083496" />
    <testcase classname="present_test" name="run_test_130" ratio_time="34.42967601943656" sim_time_ns="10.711999999999989" time="0.3111269474029541" />
    <testcase classname="present_test" name="run_test_131" ratio_time="33.159587737943376" sim_time_ns="10.711999999999989" time="0.3230438232421875" />
    <testcase classname="present_test" name="run_test_132" ratio_time="33.58129201773783" sim_time_ns="10.711999999999989" time="0.3189871311187744" />
    <testcase classname="present_test" name="run_test_133" ratio_time="34.03692253520662" sim_time_ns="10.712000000000216" time="0.31471705436706543" />
    <testcase classname="present_test" name="run_test_134" ratio_time="34.07600611905146" sim_time_ns="10.711999999999989" time="0.31435608863830566" />
    <testcase classname="present_test" name="run_test_135" ratio_time="34.060945477481376" sim_time_ns="10.711999999999989" time="0.3144950866699219" />
    <testcase classname="present_test" name="run_test_136" ratio_time="33.82485400306405" sim_time_ns="10.711999999999989" time="0.31669020652770996" />
    <testcase classname="present_test" name="run_test_137" ratio_time="33.878363808695056" sim_time_ns="10.711999999999989" time="0.3161900043487549" />
    <testcase classname="present_test" name="run_test_138" ratio_time="34.08414905893684" sim_time_ns="10.711999999999989" time="0.31428098678588867" />
    <testcase classname="present_test" name="run_test_139" ratio_time="34.95443681430246" sim_time_ns="10.711999999999989" time="0.3064560890197754" />
    <testcase classname="present_test" name="run_test_140" ratio_time="34.01563729885032" sim_time_ns="10.711999999999989" time="0.3149139881134033" />
    <testcase classname="present_test" name="run_test_141" ratio_time="33.922564022260964" sim_time_ns="10.711999999999989" time="0.3157780170440674" />
    <testcase classname="present_test" name="run_test_142" ratio_time="34.183131004669114" sim_time_ns="10.711999999999989" time="0.313370943069458" />
    <testcase classname="present_test" name="run_test_143" ratio_time="34.984266946150086" sim_time_ns="10.711999999999989" time="0.3061947822570801" />
    <testcase classname="present_test" name="run_test_144" ratio_time="34.4871033875043" sim_time_ns="10.711999999999989" time="0.3106088638305664" />
    <testcase classname="present_test" name="run_test_145" ratio_time="34.169924463126286" sim_time_ns="10.711999999999989" time="0.3134920597076416" />
    <testcase classname="present_test" name="run_test_146" ratio_time="34.8111158831669" sim_time_ns="10.711999999999989" time="0.30771780014038086" />
    <testcase classname="present_test" name="run_test_147" ratio_time="33.626204735724166" sim_time_ns="10.711999999999989" time="0.3185610771179199" />
    <testcase classname="present_test" name="run_test_148" ratio_time="33.04398996237358" sim_time_ns="10.711999999999989" time="0.3241739273071289" />
    <testcase classname="present_test" name="run_test_149" ratio_time="31.120372623948093" sim_time_ns="10.711999999999989" time="0.3442118167877197" />
    <testcase classname="present_test" name="run_test_150" ratio_time="29.292246118218916" sim_time_ns="10.711999999999989" time="0.3656940460205078" />
    <testcase classname="present_test" name="run_test_151" ratio_time="32.38025479926919" sim_time_ns="10.711999999999989" time="0.33081889152526855" />
    <testcase classname="present_test" name="run_test_152" ratio_time="33.43236267876287" sim_time_ns="10.711999999999989" time="0.3204081058502197" />
    <testcase classname="present_test" name="run_test_153" ratio_time="33.38216110141162" sim_time_ns="10.712000000000216" time="0.320889949798584" />
    <testcase classname="present_test" name="run_test_154" ratio_time="34.3566692064288" sim_time_ns="10.711999999999989" time="0.31178808212280273" />
    <testcase classname="present_test" name="run_test_155" ratio_time="33.156088463692704" sim_time_ns="10.711999999999989" time="0.323077917098999" />
    <testcase classname="present_test" name="run_test_156" ratio_time="33.83341236288165" sim_time_ns="10.711999999999989" time="0.31661009788513184" />
    <testcase classname="present_test" name="run_test_157" ratio_time="34.7781071006984" sim_time_ns="10.711999999999989" time="0.3080098628997803" />
    <testcase classname="present_test" name="run_test_158" ratio_time="33.619360802864946" sim_time_ns="10.711999999999989" time="0.31862592697143555" />
    <testcase classname="present_test" name="run_test_159" ratio_time="33.75867323365631" sim_time_ns="10.711999999999989" time="0.31731104850769043" />
    <testcase classname="present_test" name="run_test_160" ratio_time="31.050088181247062" sim_time_ns="10.711999999999989" time="0.34499096870422363" />
    <testcase classname="present_test" name="run_test_161" ratio_time="33.92179567368488" sim_time_ns="10.711999999999989" time="0.31578516960144043" />
    <testcase classname="present_test" name="run_test_162" ratio_time="34.229460479020894" sim_time_ns="10.711999999999989" time="0.31294679641723633" />
    <testcase classname="present_test" name="run_test_163" ratio_time="32.91918273730451" sim_time_ns="10.711999999999989" time="0.32540297508239746" />
    <testcase classname="present_test" name="run_test_164" ratio_time="33.41515643014438" sim_time_ns="10.711999999999989" time="0.320573091506958" />
    <testcase classname="present_test" name="run_test_165" ratio_time="31.864653471933085" sim_time_ns="10.711999999999989" time="0.33617186546325684" />
    <testcase classname="present_test" name="run_test_166" ratio_time="34.01476172155054" sim_time_ns="10.711999999999989" time="0.3149220943450928" />
    <testcase classname="present_test" name="run_test_167" ratio_time="34.57324538029548" sim_time_ns="10.711999999999989" time="0.30983495712280273" />
    <testcase classname="present_test" name="run_test_168" ratio_time="33.534822018192465" sim_time_ns="10.711999999999989" time="0.3194291591644287" />
    <testcase classname="present_test" name="run_test_169" ratio_time="34.57859364708722" sim_time_ns="10.711999999999989" time="0.3097870349884033" />
    <testcase classname="present_test" name="run_test_170" ratio_time="33.08031377619197" sim_time_ns="10.711999999999989" time="0.3238179683685303" />
    <testcase classname="present_test" name="run_test_171" ratio_time="33.39402098954087" sim_time_ns="10.711999999999989" time="0.32077598571777344" />
    <testcase classname="present_test" name="run_test_172" ratio_time="34.56776578844511" sim_time_ns="10.711999999999989" time="0.30988407135009766" />
    <testcase classname="present_test" name="run_test_173" ratio_time="33.83096667532591" sim_time_ns="10.711999999999989" time="0.3166329860687256" />
    <testcase classname="present_test" name="run_test_174" ratio_time="33.96839485832642" sim_time_ns="10.712000000000216" time="0.3153519630432129" />
    <testcase classname="present_test" name="run_test_175" ratio_time="34.349498472102944" sim_time_ns="10.711999999999989" time="0.31185317039489746" />
    <testcase classname="present_test" name="run_test_176" ratio_time="33.74049609497029" sim_time_ns="10.711999999999989" time="0.31748199462890625" />
    <testcase classname="present_test" name="run_test_177" ratio_time="34.452143184240555" sim_time_ns="10.711999999999989" time="0.31092405319213867" />
    <testcase classname="present_test" name="run_test_178" ratio_time="34.15226237931951" sim_time_ns="10.711999999999989" time="0.31365418434143066" />
    <testcase classname="present_test" name="run_test_179" ratio_time="34.252215368805246" sim_time_ns="10.711999999999989" time="0.31273889541625977" />
    <testcase classname="present_test" name="run_test_180" ratio_time="32.48946189395979" sim_time_ns="10.711999999999989" time="0.32970690727233887" />
    <testcase classname="present_test" name="run_test_181" ratio_time="32.43867717117572" sim_time_ns="10.711999999999989" time="0.33022308349609375" />
    <testcase classname="present_test" name="run_test_182" ratio_time="33.45753258896188" sim_time_ns="10.711999999999989" time="0.32016706466674805" />
    <testcase classname="present_test" name="run_test_183" ratio_time="34.760617644214406" sim_time_ns="10.711999999999989" time="0.3081648349761963" />
    <testcase classname="present_test" name="run_test_184" ratio_time="34.27588955887016" sim_time_ns="10.711999999999989" time="0.31252288818359375" />
    <testcase classname="present_test" name="run_test_185" ratio_time="33.08265213258274" sim_time_ns="10.711999999999989" time="0.3237950801849365" />
    <testcase classname="present_test" name="run_test_186" ratio_time="33.837897041911184" sim_time_ns="10.711999999999989" time="0.31656813621520996" />
    <testcase classname="present_test" name="run_test_187" ratio_time="33.41935689952184" sim_time_ns="10.711999999999989" time="0.32053279876708984" />
    <testcase classname="present_test" name="run_test_188" ratio_time="33.173861657268596" sim_time_ns="10.711999999999989" time="0.3229048252105713" />
    <testcase classname="present_test" name="run_test_189" ratio_time="34.442503266064854" sim_time_ns="10.711999999999989" time="0.31101107597351074" />
    <testcase classname="present_test" name="run_test_190" ratio_time="34.806693115880805" sim_time_ns="10.711999999999989" time="0.3077569007873535" />
    <testcase classname="present_test" name="run_test_191" ratio_time="33.37841631842833" sim_time_ns="10.711999999999989" time="0.3209259510040283" />
    <testcase classname="present_test" name="run_test_192" ratio_time="34.81742836330342" sim_time_ns="10.712000000000216" time="0.3076620101928711" />
    <testcase classname="present_test" name="run_test_193" ratio_time="33.882528236832506" sim_time_ns="10.711999999999989" time="0.31615114212036133" />
    <testcase classname="present_test" name="run_test_194" ratio_time="34.50630610654012" sim_time_ns="10.711999999999989" time="0.3104360103607178" />
    <testcase classname="present_test" name="run_test_195" ratio_time="33.07787833976663" sim_time_ns="10.711999999999989" time="0.32384181022644043" />
    <testcase classname="present_test" name="run_test_196" ratio_time="33.24868808928794" sim_time_ns="10.711999999999989" time="0.3221781253814697" />
    <testcase classname="present_test" name="run_test_197" ratio_time="33.23004816167195" sim_time_ns="10.711999999999989" time="0.3223588466644287" />
    <testcase classname="present_test" name="run_test_198" ratio_time="34.181596650111956" sim_time_ns="10.711999999999989" time="0.313385009765625" />
    <testcase classname="present_test" name="run_test_199" ratio_time="33.87236168005594" sim_time_ns="10.711999999999989" time="0.31624603271484375" />
    <testcase classname="present_test" name="run_test_200" ratio_time="34.466573523049085" sim_time_ns="10.711999999999989" time="0.3107938766479492" />
    <testcase classname="present_test" name="run_test_201" ratio_time="34.87068986237023" sim_time_ns="10.711999999999989" time="0.3071920871734619" />
    <testcase classname="present_test" name="run_test_202" ratio_time="32.15861827562164" sim_time_ns="10.711999999999989" time="0.3330988883972168" />
    <testcase classname="present_test" name="run_test_203" ratio_time="33.16920842995203" sim_time_ns="10.711999999999989" time="0.3229501247406006" />
    <testcase classname="present_test" name="run_test_204" ratio_time="34.05165224245287" sim_time_ns="10.711999999999989" time="0.31458091735839844" />
    <testcase classname="present_test" name="run_test_205" ratio_time="33.958356377917134" sim_time_ns="10.711999999999989" time="0.3154451847076416" />
    <testcase classname="present_test" name="run_test_206" ratio_time="34.103682115626164" sim_time_ns="10.711999999999989" time="0.314100980758667" />
    <testcase classname="present_test" name="run_test_207" ratio_time="34.37838351896228" sim_time_ns="10.711999999999989" time="0.31159114837646484" />
    <testcase classname="present_test" name="run_test_208" ratio_time="34.067582918508855" sim_time_ns="10.711999999999989" time="0.3144338130950928" />
    <testcase classname="present_test" name="run_test_209" ratio_time="33.659482768101455" sim_time_ns="10.711999999999989" time="0.31824612617492676" />
    <testcase classname="present_test" name="run_test_210" ratio_time="33.220465838201584" sim_time_ns="10.711999999999989" time="0.3224518299102783" />
    <testcase classname="present_test" name="run_test_211" ratio_time="32.39561730106847" sim_time_ns="10.711999999999989" time="0.3306620121002197" />
    <testcase classname="present_test" name="run_test_212" ratio_time="32.571828243417" sim_time_ns="10.711999999999989" time="0.3288731575012207" />
    <testcase classname="present_test" name="run_test_213" ratio_time="33.72446475696356" sim_time_ns="10.711999999999989" time="0.31763291358947754" />
    <testcase classname="present_test" name="run_test_214" ratio_time="35.78205890860434" sim_time_ns="10.711999999999989" time="0.29936790466308594" />
    <testcase classname="present_test" name="run_test_215" ratio_time="33.9010889906346" sim_time_ns="10.711999999999989" time="0.3159780502319336" />
    <testcase classname="present_test" name="run_test_216" ratio_time="34.155455785829474" sim_time_ns="10.711999999999989" time="0.31362485885620117" />
    <testcase classname="present_test" name="run_test_217" ratio_time="33.252920641146964" sim_time_ns="10.711999999999989" time="0.32213711738586426" />
    <testcase classname="present_test" name="run_test_218" ratio_time="33.609854373754445" sim_time_ns="10.711999999999989" time="0.31871604919433594" />
    <testcase classname="present_test" name="run_test_219" ratio_time="33.739862656676955" sim_time_ns="10.711999999999989" time="0.3174879550933838" />
    <testcase classname="present_test" name="run_test_220" ratio_time="33.29614443299065" sim_time_ns="10.711999999999989" time="0.3217189311981201" />
    <testcase classname="present_test" name="run_test_221" ratio_time="34.72523518727766" sim_time_ns="10.711999999999989" time="0.30847883224487305" />
    <testcase classname="present_test" name="run_test_222" ratio_time="33.929019524745534" sim_time_ns="10.711999999999989" time="0.3157179355621338" />
    <testcase classname="present_test" name="run_test_223" ratio_time="33.905924258877846" sim_time_ns="10.711999999999989" time="0.3159329891204834" />
    <testcase classname="present_test" name="run_test_224" ratio_time="34.15781877177654" sim_time_ns="10.711999999999989" time="0.31360316276550293" />
    <testcase classname="present_test" name="run_test_225" ratio_time="33.89691999900409" sim_time_ns="10.711999999999989" time="0.31601691246032715" />
    <testcase classname="present_test" name="run_test_226" ratio_time="34.48797697802109" sim_time_ns="10.712000000000444" time="0.31060099601745605" />
    <testcase classname="present_test" name="run_test_227" ratio_time="33.92771285570591" sim_time_ns="10.711999999999989" time="0.31573009490966797" />
    <testcase classname="present_test" name="run_test_228" ratio_time="34.56710090761999" sim_time_ns="10.711999999999989" time="0.3098900318145752" />
    <testcase classname="present_test" name="run_test_229" ratio_time="33.94534856072165" sim_time_ns="10.711999999999989" time="0.3155660629272461" />
    <testcase classname="present_test" name="run_test_230" ratio_time="34.49621208128715" sim_time_ns="10.711999999999989" time="0.31052684783935547" />
    <testcase classname="present_test" name="run_test_231" ratio_time="33.25139482964436" sim_time_ns="10.711999999999989" time="0.32215189933776855" />
    <testcase classname="present_test" name="run_test_232" ratio_time="33.642571013529064" sim_time_ns="10.711999999999989" time="0.3184061050415039" />
    <testcase classname="present_test" name="run_test_233" ratio_time="34.006677637559356" sim_time_ns="10.711999999999989" time="0.31499695777893066" />
    <testcase classname="present_test" name="run_test_234" ratio_time="33.505787302079696" sim_time_ns="10.711999999999989" time="0.3197059631347656" />
    <testcase classname="present_test" name="run_test_235" ratio_time="32.218968970262445" sim_time_ns="10.711999999999989" time="0.332474946975708" />
    <testcase classname="present_test" name="run_test_236" ratio_time="33.96138526858431" sim_time_ns="10.711999999999989" time="0.3154170513153076" />
    <testcase classname="present_test" name="run_test_237" ratio_time="34.97988177525523" sim_time_ns="10.711999999999989" time="0.30623316764831543" />
    <testcase classname="present_test" name="run_test_238" ratio_time="34.48585925923079" sim_time_ns="10.711999999999989" time="0.3106200695037842" />
    <testcase classname="present_test" name="run_test_239" ratio_time="33.66561148767622" sim_time_ns="10.711999999999989" time="0.3181881904602051" />
    <testcase classname="present_test" name="run_test_240" ratio_time="34.390330197618866" sim_time_ns="10.711999999999989" time="0.31148290634155273" />
    <testcase classname="present_test" name="run_test_241" ratio_time="34.65177263868415" sim_time_ns="10.711999999999989" time="0.30913281440734863" />
    <testcase classname="present_test" name="run_test_242" ratio_time="33.12501894632535" sim_time_ns="10.711999999999989" time="0.3233809471130371" />
    <testcase classname="present_test" name="run_test_243" ratio_time="32.38415241302358" sim_time_ns="10.711999999999989" time="0.3307790756225586" />
    <testcase classname="present_test" name="run_test_244" ratio_time="33.72370535601023" sim_time_ns="10.711999999999989" time="0.3176400661468506" />
    <testcase classname="present_test" name="run_test_245" ratio_time="35.45975144528283" sim_time_ns="10.711999999999989" time="0.30208897590637207" />
    <testcase classname="present_test" name="run_test_246" ratio_time="34.262950930786026" sim_time_ns="10.711999999999989" time="0.312640905380249" />
    <testcase classname="present_test" name="run_test_247" ratio_time="32.20183469689506" sim_time_ns="10.711999999999989" time="0.33265185356140137" />
    <testcase classname="present_test" name="run_test_248" ratio_time="31.749522618576485" sim_time_ns="10.711999999999989" time="0.3373908996582031" />
    <testcase classname="present_test" name="run_test_249" ratio_time="31.051783479091387" sim_time_ns="10.711999999999989" time="0.3449721336364746" />
    <testcase classname="present_test" name="run_test_250" ratio_time="30.059071566725933" sim_time_ns="10.711999999999989" time="0.3563649654388428" />
    <testcase classname="present_test" name="run_test_251" ratio_time="30.583514251173497" sim_time_ns="10.711999999999989" time="0.3502540588378906" />
    <testcase classname="present_test" name="run_test_252" ratio_time="34.192287983220936" sim_time_ns="10.711999999999989" time="0.31328701972961426" />
    <testcase classname="present_test" name="run_test_253" ratio_time="33.071426167195135" sim_time_ns="10.711999999999989" time="0.32390499114990234" />
    <testcase classname="present_test" name="run_test_254" ratio_time="34.25328601085169" sim_time_ns="10.711999999999989" time="0.3127291202545166" />
    <testcase classname="present_test" name="run_test_255" ratio_time="33.759002985980736" sim_time_ns="10.711999999999989" time="0.3173079490661621" />
    <testcase classname="present_test" name="run_test_256" ratio_time="34.47178304192139" sim_time_ns="10.711999999999989" time="0.3107469081878662" />
    <testcase classname="present_test" name="run_test_257" ratio_time="30.849682090803505" sim_time_ns="10.711999999999989" time="0.3472321033477783" />
    <testcase classname="present_test" name="run_test_258" ratio_time="34.43862241170236" sim_time_ns="10.711999999999989" time="0.31104612350463867" />
    <testcase classname="present_test" name="run_test_259" ratio_time="34.55181570471901" sim_time_ns="10.711999999999989" time="0.3100271224975586" />
    <testcase classname="present_test" name="run_test_260" ratio_time="33.88682147969701" sim_time_ns="10.711999999999989" time="0.31611108779907227" />
    <testcase classname="present_test" name="run_test_261" ratio_time="34.04925231425166" sim_time_ns="10.711999999999989" time="0.3146030902862549" />
    <testcase classname="present_test" name="run_test_262" ratio_time="32.231565736651625" sim_time_ns="10.711999999999989" time="0.33234500885009766" />
    <testcase classname="present_test" name="run_test_263" ratio_time="32.12013254865624" sim_time_ns="10.711999999999989" time="0.3334980010986328" />
    <testcase classname="present_test" name="run_test_264" ratio_time="33.38121862657395" sim_time_ns="10.711999999999989" time="0.32089900970458984" />
    <testcase classname="present_test" name="run_test_265" ratio_time="34.15696182700053" sim_time_ns="10.711999999999989" time="0.3136110305786133" />
    <testcase classname="present_test" name="run_test_266" ratio_time="33.81581639107361" sim_time_ns="10.711999999999989" time="0.316774845123291" />
    <testcase classname="present_test" name="run_test_267" ratio_time="34.3149738055468" sim_time_ns="10.711999999999989" time="0.3121669292449951" />
    <testcase classname="present_test" name="run_test_268" ratio_time="34.091752648161815" sim_time_ns="10.712000000000444" time="0.3142108917236328" />
    <testcase classname="present_test" name="run_test_269" ratio_time="34.70801334882453" sim_time_ns="10.711999999999989" time="0.30863189697265625" />
    <testcase classname="present_test" name="run_test_270" ratio_time="33.76783259703966" sim_time_ns="10.711999999999989" time="0.31722497940063477" />
    <testcase classname="present_test" name="run_test_271" ratio_time="34.58327806552667" sim_time_ns="10.711999999999989" time="0.30974507331848145" />
    <testcase classname="present_test" name="run_test_272" ratio_time="33.96795827924566" sim_time_ns="10.711999999999989" time="0.3153560161590576" />
    <testcase classname="present_test" name="run_test_273" ratio_time="34.35711583469509" sim_time_ns="10.711999999999989" time="0.311784029006958" />
    <testcase classname="present_test" name="run_test_274" ratio_time="33.77176681301547" sim_time_ns="10.711999999999989" time="0.317188024520874" />
    <testcase classname="present_test" name="run_test_275" ratio_time="34.02449861681283" sim_time_ns="10.711999999999989" time="0.3148319721221924" />
    <testcase classname="present_test" name="run_test_276" ratio_time="34.08598498921566" sim_time_ns="10.711999999999989" time="0.31426405906677246" />
    <testcase classname="present_test" name="run_test_277" ratio_time="34.2628202874059" sim_time_ns="10.711999999999989" time="0.31264209747314453" />
    <testcase classname="present_test" name="run_test_278" ratio_time="34.54124360021092" sim_time_ns="10.711999999999989" time="0.310122013092041" />
    <testcase classname="present_test" name="run_test_279" ratio_time="33.143761243619906" sim_time_ns="10.711999999999989" time="0.3231980800628662" />
    <testcase classname="present_test" name="run_test_280" ratio_time="34.21882407490617" sim_time_ns="10.711999999999989" time="0.31304407119750977" />
    <testcase classname="present_test" name="run_test_281" ratio_time="34.535561775919284" sim_time_ns="10.711999999999989" time="0.31017303466796875" />
    <testcase classname="present_test" name="run_test_282" ratio_time="34.53479195289119" sim_time_ns="10.711999999999989" time="0.3101799488067627" />
    <testcase classname="present_test" name="run_test_283" ratio_time="33.10146844045224" sim_time_ns="10.711999999999989" time="0.3236110210418701" />
    <testcase classname="present_test" name="run_test_284" ratio_time="35.375768918185784" sim_time_ns="10.711999999999989" time="0.30280613899230957" />
    <testcase classname="present_test" name="run_test_285" ratio_time="33.814620224174476" sim_time_ns="10.711999999999989" time="0.3167860507965088" />
    <testcase classname="present_test" name="run_test_286" ratio_time="33.04593429263223" sim_time_ns="10.711999999999989" time="0.3241548538208008" />
    <testcase classname="present_test" name="run_test_287" ratio_time="29.667874031637332" sim_time_ns="10.711999999999989" time="0.36106395721435547" />
    <testcase classname="present_test" name="run_test_288" ratio_time="34.19314670149191" sim_time_ns="10.711999999999989" time="0.3132791519165039" />
    <testcase classname="present_test" name="run_test_289" ratio_time="34.6238673285852" sim_time_ns="10.711999999999989" time="0.30938196182250977" />
    <testcase classname="present_test" name="run_test_290" ratio_time="33.97409709783279" sim_time_ns="10.711999999999989" time="0.31529903411865234" />
    <testcase classname="present_test" name="run_test_291" ratio_time="33.67800184545682" sim_time_ns="10.711999999999989" time="0.3180711269378662" />
    <testcase classname="present_test" name="run_test_292" ratio_time="34.96050214333454" sim_time_ns="10.711999999999989" time="0.30640292167663574" />
    <testcase classname="present_test" name="run_test_293" ratio_time="34.54281041326618" sim_time_ns="10.711999999999989" time="0.310107946395874" />
    <testcase classname="present_test" name="run_test_294" ratio_time="33.64015283755167" sim_time_ns="10.711999999999989" time="0.31842899322509766" />
    <testcase classname="present_test" name="run_test_295" ratio_time="33.905514870560324" sim_time_ns="10.711999999999989" time="0.315936803817749" />
    <testcase classname="present_test" name="run_test_296" ratio_time="34.00850523115954" sim_time_ns="10.711999999999989" time="0.31498003005981445" />
    <testcase classname="present_test" name="run_test_297" ratio_time="33.677799892811194" sim_time_ns="10.711999999999989" time="0.318073034286499" />
    <testcase classname="present_test" name="run_test_298" ratio_time="33.95869004277958" sim_time_ns="10.711999999999989" time="0.3154420852661133" />
    <testcase classname="present_test" name="run_test_299" ratio_time="34.519429217682024" sim_time_ns="10.711999999999989" time="0.3103179931640625" />
    <testcase classname="present_test" name="run_test_300" ratio_time="33.15628420778416" sim_time_ns="10.711999999999989" time="0.3230760097503662" />
    <testcase classname="present_test" name="run_test_301" ratio_time="32.65634590470871" sim_time_ns="10.711999999999989" time="0.3280220031738281" />
    <testcase classname="present_test" name="run_test_302" ratio_time="33.59668503779208" sim_time_ns="10.711999999999989" time="0.31884098052978516" />
    <testcase classname="present_test" name="run_test_303" ratio_time="33.74548842100042" sim_time_ns="10.711999999999989" time="0.31743502616882324" />
    <testcase classname="present_test" name="run_test_304" ratio_time="34.608985093205945" sim_time_ns="10.711999999999989" time="0.30951499938964844" />
    <testcase classname="present_test" name="run_test_305" ratio_time="33.45818038622272" sim_time_ns="10.711999999999989" time="0.3201608657836914" />
    <testcase classname="present_test" name="run_test_306" ratio_time="34.848565626417916" sim_time_ns="10.711999999999989" time="0.307387113571167" />
    <testcase classname="present_test" name="run_test_307" ratio_time="33.838661594438086" sim_time_ns="10.711999999999989" time="0.3165609836578369" />
    <testcase classname="present_test" name="run_test_308" ratio_time="32.72868650617028" sim_time_ns="10.711999999999989" time="0.3272969722747803" />
    <testcase classname="present_test" name="run_test_309" ratio_time="33.44749493814024" sim_time_ns="10.711999999999989" time="0.320263147354126" />
    <testcase classname="present_test" name="run_test_310" ratio_time="32.853468050242334" sim_time_ns="10.712000000000444" time="0.3260538578033447" />
    <testcase classname="present_test" name="run_test_311" ratio_time="33.76613228418648" sim_time_ns="10.711999999999989" time="0.31724095344543457" />
    <testcase classname="present_test" name="run_test_312" ratio_time="32.5402644742064" sim_time_ns="10.711999999999989" time="0.3291921615600586" />
    <testcase classname="present_test" name="run_test_313" ratio_time="31.48145241842244" sim_time_ns="10.711999999999989" time="0.34026384353637695" />
    <testcase classname="present_test" name="run_test_314" ratio_time="35.1979309067606" sim_time_ns="10.711999999999989" time="0.3043360710144043" />
    <testcase classname="present_test" name="run_test_315" ratio_time="34.36032139003281" sim_time_ns="10.711999999999989" time="0.3117549419403076" />
    <testcase classname="present_test" name="run_test_316" ratio_time="34.72016343197247" sim_time_ns="10.711999999999989" time="0.30852389335632324" />
    <testcase classname="present_test" name="run_test_317" ratio_time="34.070915527541445" sim_time_ns="10.711999999999989" time="0.31440305709838867" />
    <testcase classname="present_test" name="run_test_318" ratio_time="33.567518067536376" sim_time_ns="10.711999999999989" time="0.31911802291870117" />
    <testcase classname="present_test" name="run_test_319" ratio_time="34.66048723453657" sim_time_ns="10.711999999999989" time="0.3090550899505615" />
    <testcase classname="present_test" name="run_test_320" ratio_time="34.305724811327345" sim_time_ns="10.711999999999989" time="0.31225109100341797" />
    <testcase classname="present_test" name="run_test_321" ratio_time="33.23631651644895" sim_time_ns="10.711999999999989" time="0.3222980499267578" />
    <testcase classname="present_test" name="run_test_322" ratio_time="33.64967641644382" sim_time_ns="10.711999999999989" time="0.31833887100219727" />
    <testcase classname="present_test" name="run_test_323" ratio_time="33.4666289622521" sim_time_ns="10.711999999999989" time="0.320080041885376" />
    <testcase classname="present_test" name="run_test_324" ratio_time="33.68194040621288" sim_time_ns="10.711999999999989" time="0.31803393363952637" />
    <testcase classname="present_test" name="run_test_325" ratio_time="34.541695040242786" sim_time_ns="10.711999999999989" time="0.3101179599761963" />
    <testcase classname="present_test" name="run_test_326" ratio_time="33.36644361268548" sim_time_ns="10.711999999999989" time="0.3210411071777344" />
    <testcase classname="present_test" name="run_test_327" ratio_time="34.24279138438647" sim_time_ns="10.711999999999989" time="0.31282496452331543" />
    <testcase classname="present_test" name="run_test_328" ratio_time="34.31133125512611" sim_time_ns="10.711999999999989" time="0.31220006942749023" />
    <testcase classname="present_test" name="run_test_329" ratio_time="34.24399193620298" sim_time_ns="10.711999999999989" time="0.31281399726867676" />
    <testcase classname="present_test" name="run_test_330" ratio_time="33.45451817015497" sim_time_ns="10.711999999999989" time="0.32019591331481934" />
    <testcase classname="present_test" name="run_test_331" ratio_time="34.866387230951624" sim_time_ns="10.711999999999989" time="0.30722999572753906" />
    <testcase classname="present_test" name="run_test_332" ratio_time="34.11292607423399" sim_time_ns="10.711999999999989" time="0.31401586532592773" />
    <testcase classname="present_test" name="run_test_333" ratio_time="33.94009181853545" sim_time_ns="10.711999999999989" time="0.3156149387359619" />
    <testcase classname="present_test" name="run_test_334" ratio_time="33.55049814771528" sim_time_ns="10.711999999999989" time="0.31927990913391113" />
    <testcase classname="present_test" name="run_test_335" ratio_time="32.58711311647456" sim_time_ns="10.711999999999989" time="0.328718900680542" />
    <testcase classname="present_test" name="run_test_336" ratio_time="32.85173846645425" sim_time_ns="10.711999999999989" time="0.32607102394104004" />
    <testcase classname="present_test" name="run_test_337" ratio_time="32.33390554599203" sim_time_ns="10.711999999999989" time="0.33129310607910156" />
    <testcase classname="present_test" name="run_test_338" ratio_time="33.26688093210735" sim_time_ns="10.711999999999989" time="0.32200193405151367" />
    <testcase classname="present_test" name="run_test_339" ratio_time="34.09770339979931" sim_time_ns="10.711999999999989" time="0.31415605545043945" />
    <testcase classname="present_test" name="run_test_340" ratio_time="34.153794101415244" sim_time_ns="10.711999999999989" time="0.31364011764526367" />
    <testcase classname="present_test" name="run_test_341" ratio_time="32.57015179652978" sim_time_ns="10.711999999999989" time="0.3288900852203369" />
    <testcase classname="present_test" name="run_test_342" ratio_time="31.62484414221447" sim_time_ns="10.711999999999989" time="0.33872103691101074" />
    <testcase classname="present_test" name="run_test_343" ratio_time="32.988721012774185" sim_time_ns="10.711999999999989" time="0.32471704483032227" />
    <testcase classname="present_test" name="run_test_344" ratio_time="34.27026855047665" sim_time_ns="10.711999999999989" time="0.3125741481781006" />
    <testcase classname="present_test" name="run_test_345" ratio_time="34.19142930808015" sim_time_ns="10.711999999999989" time="0.3132948875427246" />
    <testcase classname="present_test" name="run_test_346" ratio_time="34.18378119645631" sim_time_ns="10.711999999999989" time="0.31336498260498047" />
    <testcase classname="present_test" name="run_test_347" ratio_time="33.488505412794495" sim_time_ns="10.711999999999989" time="0.3198709487915039" />
    <testcase classname="present_test" name="run_test_348" ratio_time="31.11412276985272" sim_time_ns="10.711999999999989" time="0.3442809581756592" />
    <testcase classname="present_test" name="run_test_349" ratio_time="28.786328227582302" sim_time_ns="10.711999999999989" time="0.37212109565734863" />
    <testcase classname="present_test" name="run_test_350" ratio_time="29.99585703536993" sim_time_ns="10.711999999999989" time="0.3571159839630127" />
    <testcase classname="present_test" name="run_test_351" ratio_time="31.535279180536058" sim_time_ns="10.712000000000444" time="0.33968305587768555" />
    <testcase classname="present_test" name="run_test_352" ratio_time="33.060913303134356" sim_time_ns="10.711999999999989" time="0.3240079879760742" />
    <testcase classname="present_test" name="run_test_353" ratio_time="33.93201755758625" sim_time_ns="10.711999999999989" time="0.3156900405883789" />
    <testcase classname="present_test" name="run_test_354" ratio_time="33.6660403293667" sim_time_ns="10.711999999999989" time="0.31818413734436035" />
    <testcase classname="present_test" name="run_test_355" ratio_time="34.25702072528585" sim_time_ns="10.711999999999989" time="0.3126950263977051" />
    <testcase classname="present_test" name="run_test_356" ratio_time="33.410683718519465" sim_time_ns="10.711999999999989" time="0.3206160068511963" />
    <testcase classname="present_test" name="run_test_357" ratio_time="33.583827254325634" sim_time_ns="10.711999999999989" time="0.31896305084228516" />
    <testcase classname="present_test" name="run_test_358" ratio_time="33.910428182948216" sim_time_ns="10.711999999999989" time="0.3158910274505615" />
    <testcase classname="present_test" name="run_test_359" ratio_time="34.198404038405" sim_time_ns="10.711999999999989" time="0.3132309913635254" />
    <testcase classname="present_test" name="run_test_360" ratio_time="34.27839999999996" sim_time_ns="10.711999999999989" time="0.3125" />
    <testcase classname="present_test" name="run_test_361" ratio_time="34.22046602926713" sim_time_ns="10.711999999999989" time="0.31302905082702637" />
    <testcase classname="present_test" name="run_test_362" ratio_time="33.54543811479966" sim_time_ns="10.711999999999989" time="0.31932806968688965" />
    <testcase classname="present_test" name="run_test_363" ratio_time="34.585620750732986" sim_time_ns="10.711999999999989" time="0.3097240924835205" />
    <testcase classname="present_test" name="run_test_364" ratio_time="34.57321877613896" sim_time_ns="10.711999999999989" time="0.30983519554138184" />
    <testcase classname="present_test" name="run_test_365" ratio_time="34.29056515563761" sim_time_ns="10.711999999999989" time="0.3123891353607178" />
    <testcase classname="present_test" name="run_test_366" ratio_time="33.054783885112236" sim_time_ns="10.711999999999989" time="0.3240680694580078" />
    <testcase classname="present_test" name="run_test_367" ratio_time="31.79823833222923" sim_time_ns="10.711999999999989" time="0.33687400817871094" />
    <testcase classname="present_test" name="run_test_368" ratio_time="32.141801044318775" sim_time_ns="10.711999999999989" time="0.33327317237854004" />
    <testcase classname="present_test" name="run_test_369" ratio_time="34.01640990449075" sim_time_ns="10.711999999999989" time="0.3149068355560303" />
    <testcase classname="present_test" name="run_test_370" ratio_time="34.446622680494535" sim_time_ns="10.711999999999989" time="0.3109738826751709" />
    <testcase classname="present_test" name="run_test_371" ratio_time="33.2263374268426" sim_time_ns="10.711999999999989" time="0.32239484786987305" />
    <testcase classname="present_test" name="run_test_372" ratio_time="34.10021368748047" sim_time_ns="10.711999999999989" time="0.3141329288482666" />
    <testcase classname="present_test" name="run_test_373" ratio_time="33.55836677489441" sim_time_ns="10.711999999999989" time="0.31920504570007324" />
    <testcase classname="present_test" name="run_test_374" ratio_time="34.065309884837475" sim_time_ns="10.711999999999989" time="0.3144547939300537" />
    <testcase classname="present_test" name="run_test_375" ratio_time="32.67090246369463" sim_time_ns="10.711999999999989" time="0.32787585258483887" />
    <testcase classname="present_test" name="run_test_376" ratio_time="34.08262357718455" sim_time_ns="10.711999999999989" time="0.31429505348205566" />
    <testcase classname="present_test" name="run_test_377" ratio_time="33.85546498439444" sim_time_ns="10.711999999999989" time="0.316403865814209" />
    <testcase classname="present_test" name="run_test_378" ratio_time="34.97887415840902" sim_time_ns="10.711999999999989" time="0.3062419891357422" />
    <testcase classname="present_test" name="run_test_379" ratio_time="33.498018235160316" sim_time_ns="10.711999999999989" time="0.3197801113128662" />
    <testcase classname="present_test" name="run_test_380" ratio_time="34.18924378413831" sim_time_ns="10.711999999999989" time="0.31331491470336914" />
    <testcase classname="present_test" name="run_test_381" ratio_time="33.40931729545154" sim_time_ns="10.711999999999989" time="0.3206291198730469" />
    <testcase classname="present_test" name="run_test_382" ratio_time="34.57992431872456" sim_time_ns="10.711999999999989" time="0.30977511405944824" />
    <testcase classname="present_test" name="run_test_383" ratio_time="33.671010644771556" sim_time_ns="10.711999999999989" time="0.31813716888427734" />
    <testcase classname="present_test" name="run_test_384" ratio_time="32.59068243923663" sim_time_ns="10.712000000000444" time="0.32868289947509766" />
    <testcase classname="present_test" name="run_test_385" ratio_time="33.51428494021952" sim_time_ns="10.711999999999534" time="0.3196249008178711" />
    <testcase classname="present_test" name="run_test_386" ratio_time="34.14816115599293" sim_time_ns="10.712000000000444" time="0.3136918544769287" />
    <testcase classname="present_test" name="run_test_387" ratio_time="34.64749713940086" sim_time_ns="10.711999999999534" time="0.3091709613800049" />
    <testcase classname="present_test" name="run_test_388" ratio_time="34.47199462926321" sim_time_ns="10.712000000000444" time="0.3107450008392334" />
    <testcase classname="present_test" name="run_test_389" ratio_time="35.037220790541966" sim_time_ns="10.711999999999534" time="0.30573201179504395" />
    <testcase classname="present_test" name="run_test_390" ratio_time="34.89568776281004" sim_time_ns="10.712000000000444" time="0.30697202682495117" />
    <testcase classname="present_test" name="run_test_391" ratio_time="34.14727874304527" sim_time_ns="10.711999999999534" time="0.31369996070861816" />
    <testcase classname="present_test" name="run_test_392" ratio_time="34.292004616090566" sim_time_ns="10.712000000000444" time="0.3123760223388672" />
    <testcase classname="present_test" name="run_test_393" ratio_time="34.41783382079044" sim_time_ns="10.711999999999534" time="0.3112339973449707" />
    <testcase classname="present_test" name="run_test_394" ratio_time="33.664577267371335" sim_time_ns="10.712000000000444" time="0.31819796562194824" />
    <testcase classname="present_test" name="run_test_395" ratio_time="33.79114667950095" sim_time_ns="10.711999999999534" time="0.31700611114501953" />
    <testcase classname="present_test" name="run_test_396" ratio_time="34.04525318558355" sim_time_ns="10.712000000000444" time="0.3146400451660156" />
    <testcase classname="present_test" name="run_test_397" ratio_time="34.62867078033734" sim_time_ns="10.711999999999534" time="0.3093390464782715" />
    <testcase classname="present_test" name="run_test_398" ratio_time="34.17309518170392" sim_time_ns="10.712000000000444" time="0.3134629726409912" />
    <testcase classname="present_test" name="run_test_399" ratio_time="32.50116605625032" sim_time_ns="10.711999999999534" time="0.3295881748199463" />
    <testcase classname="present_test" name="run_test_400" ratio_time="34.482868424527965" sim_time_ns="10.712000000000444" time="0.31064701080322266" />
  </testsuite>
</testsuites>
